{"/home/travis/build/npmtest/node-npmtest-grunt-usemin/test.js":{"path":"/home/travis/build/npmtest/node-npmtest-grunt-usemin/test.js","s":{"1":2,"2":2,"3":2,"4":2,"5":2,"6":2,"7":2,"8":1,"9":2,"10":2,"11":1,"12":1,"13":1,"14":1,"15":2,"16":2,"17":2,"18":2,"19":1,"20":1,"21":2,"22":2,"23":2,"24":1,"25":1,"26":1,"27":1,"28":1,"29":1,"30":1,"31":1,"32":1,"33":1,"34":1,"35":1,"36":1,"37":2,"38":2,"39":1,"40":2,"41":2,"42":1,"43":2,"44":2,"45":1,"46":2,"47":2,"48":1,"49":1,"50":1,"51":1,"52":1},"b":{"1":[2,1,1,1],"2":[1,1,1,1],"3":[1,1],"4":[1,1],"5":[1,1],"6":[1,1],"7":[1,1],"8":[1,1],"9":[1,1,1],"10":[1,1],"11":[1,1],"12":[1,1],"13":[1,1],"14":[1,1],"15":[1,1],"16":[1,1]},"f":{"1":2,"2":2,"3":2,"4":2,"5":2,"6":1,"7":1,"8":2,"9":2,"10":2,"11":2,"12":1},"fnMap":{"1":{"name":"(anonymous_1)","line":12,"loc":{"start":{"line":12,"column":1},"end":{"line":12,"column":13}}},"2":{"name":"(anonymous_2)","line":19,"loc":{"start":{"line":19,"column":5},"end":{"line":19,"column":17}}},"3":{"name":"(anonymous_3)","line":23,"loc":{"start":{"line":23,"column":24},"end":{"line":23,"column":36}}},"4":{"name":"(anonymous_4)","line":61,"loc":{"start":{"line":61,"column":5},"end":{"line":61,"column":17}}},"5":{"name":"(anonymous_5)","line":82,"loc":{"start":{"line":82,"column":5},"end":{"line":82,"column":17}}},"6":{"name":"(anonymous_6)","line":102,"loc":{"start":{"line":102,"column":83},"end":{"line":105,"column":10}},"skip":true},"7":{"name":"(anonymous_7)","line":113,"loc":{"start":{"line":113,"column":77},"end":{"line":116,"column":10}},"skip":true},"8":{"name":"(anonymous_8)","line":129,"loc":{"start":{"line":129,"column":12},"end":{"line":129,"column":40}},"skip":true},"9":{"name":"(anonymous_9)","line":137,"loc":{"start":{"line":137,"column":77},"end":{"line":140,"column":10}},"skip":true},"10":{"name":"(anonymous_10)","line":148,"loc":{"start":{"line":148,"column":83},"end":{"line":151,"column":10}},"skip":true},"11":{"name":"(anonymous_11)","line":159,"loc":{"start":{"line":159,"column":79},"end":{"line":162,"column":10}},"skip":true},"12":{"name":"(anonymous_12)","line":170,"loc":{"start":{"line":170,"column":75},"end":{"line":173,"column":10}},"skip":true}},"statementMap":{"1":{"start":{"line":12,"column":0},"end":{"line":185,"column":5}},"2":{"start":{"line":14,"column":4},"end":{"line":14,"column":14}},"3":{"start":{"line":19,"column":4},"end":{"line":56,"column":9}},"4":{"start":{"line":21,"column":8},"end":{"line":21,"column":19}},"5":{"start":{"line":23,"column":8},"end":{"line":35,"column":13}},"6":{"start":{"line":24,"column":12},"end":{"line":34,"column":13}},"7":{"start":{"line":25,"column":16},"end":{"line":28,"column":30}},"8":{"start":{"line":30,"column":16},"end":{"line":33,"column":27}},"9":{"start":{"line":37,"column":8},"end":{"line":39,"column":21}},"10":{"start":{"line":40,"column":8},"end":{"line":53,"column":9}},"11":{"start":{"line":43,"column":12},"end":{"line":46,"column":14}},"12":{"start":{"line":47,"column":12},"end":{"line":47,"column":18}},"13":{"start":{"line":50,"column":12},"end":{"line":51,"column":46}},"14":{"start":{"line":52,"column":12},"end":{"line":52,"column":18}},"15":{"start":{"line":55,"column":8},"end":{"line":55,"column":35}},"16":{"start":{"line":61,"column":4},"end":{"line":63,"column":9}},"17":{"start":{"line":62,"column":8},"end":{"line":62,"column":15}},"18":{"start":{"line":64,"column":4},"end":{"line":77,"column":5}},"19":{"start":{"line":70,"column":8},"end":{"line":70,"column":14}},"20":{"start":{"line":76,"column":8},"end":{"line":76,"column":14}},"21":{"start":{"line":82,"column":4},"end":{"line":84,"column":9}},"22":{"start":{"line":83,"column":8},"end":{"line":83,"column":15}},"23":{"start":{"line":85,"column":4},"end":{"line":184,"column":5}},"24":{"start":{"line":92,"column":8},"end":{"line":94,"column":63}},"25":{"start":{"line":95,"column":8},"end":{"line":95,"column":14}},"26":{"start":{"line":102,"column":8},"end":{"line":111,"column":10},"skip":true},"27":{"start":{"line":109,"column":12},"end":{"line":109,"column":55},"skip":true},"28":{"start":{"line":110,"column":12},"end":{"line":110,"column":48},"skip":true},"29":{"start":{"line":113,"column":8},"end":{"line":126,"column":10},"skip":true},"30":{"start":{"line":120,"column":12},"end":{"line":120,"column":76},"skip":true},"31":{"start":{"line":121,"column":12},"end":{"line":121,"column":73},"skip":true},"32":{"start":{"line":122,"column":12},"end":{"line":122,"column":74},"skip":true},"33":{"start":{"line":123,"column":12},"end":{"line":123,"column":79},"skip":true},"34":{"start":{"line":124,"column":12},"end":{"line":124,"column":25},"skip":true},"35":{"start":{"line":125,"column":12},"end":{"line":125,"column":45},"skip":true},"36":{"start":{"line":128,"column":8},"end":{"line":135,"column":14},"skip":true},"37":{"start":{"line":133,"column":16},"end":{"line":133,"column":29},"skip":true},"38":{"start":{"line":134,"column":16},"end":{"line":134,"column":55},"skip":true},"39":{"start":{"line":137,"column":8},"end":{"line":146,"column":10},"skip":true},"40":{"start":{"line":144,"column":12},"end":{"line":144,"column":25},"skip":true},"41":{"start":{"line":145,"column":12},"end":{"line":145,"column":45},"skip":true},"42":{"start":{"line":148,"column":8},"end":{"line":157,"column":10},"skip":true},"43":{"start":{"line":155,"column":12},"end":{"line":155,"column":25},"skip":true},"44":{"start":{"line":156,"column":12},"end":{"line":156,"column":48},"skip":true},"45":{"start":{"line":159,"column":8},"end":{"line":168,"column":10},"skip":true},"46":{"start":{"line":166,"column":12},"end":{"line":166,"column":25},"skip":true},"47":{"start":{"line":167,"column":12},"end":{"line":167,"column":46},"skip":true},"48":{"start":{"line":170,"column":8},"end":{"line":179,"column":10},"skip":true},"49":{"start":{"line":177,"column":12},"end":{"line":177,"column":94},"skip":true},"50":{"start":{"line":178,"column":12},"end":{"line":178,"column":48},"skip":true},"51":{"start":{"line":182,"column":8},"end":{"line":182,"column":35},"skip":true},"52":{"start":{"line":183,"column":8},"end":{"line":183,"column":14},"skip":true}},"branchMap":{"1":{"line":25,"type":"binary-expr","locations":[{"start":{"line":25,"column":23},"end":{"line":25,"column":62}},{"start":{"line":26,"column":20},"end":{"line":26,"column":70}},{"start":{"line":27,"column":20},"end":{"line":27,"column":71}},{"start":{"line":28,"column":20},"end":{"line":28,"column":29}}]},"2":{"line":30,"type":"binary-expr","locations":[{"start":{"line":30,"column":23},"end":{"line":30,"column":37}},{"start":{"line":31,"column":20},"end":{"line":31,"column":61}},{"start":{"line":32,"column":20},"end":{"line":32,"column":70}},{"start":{"line":33,"column":20},"end":{"line":33,"column":26}}]},"3":{"line":37,"type":"cond-expr","locations":[{"start":{"line":38,"column":14},"end":{"line":38,"column":20}},{"start":{"line":39,"column":14},"end":{"line":39,"column":20}}]},"4":{"line":40,"type":"switch","locations":[{"start":{"line":42,"column":8},"end":{"line":47,"column":18}},{"start":{"line":49,"column":8},"end":{"line":52,"column":18}}]},"5":{"line":44,"type":"binary-expr","locations":[{"start":{"line":44,"column":16},"end":{"line":44,"column":44}},{"start":{"line":44,"column":48},"end":{"line":44,"column":66}}]},"6":{"line":50,"type":"binary-expr","locations":[{"start":{"line":50,"column":21},"end":{"line":50,"column":49}},{"start":{"line":50,"column":53},"end":{"line":50,"column":72}}]},"7":{"line":64,"type":"switch","locations":[{"start":{"line":69,"column":4},"end":{"line":70,"column":14}},{"start":{"line":75,"column":4},"end":{"line":76,"column":14}}]},"8":{"line":85,"type":"switch","locations":[{"start":{"line":90,"column":4},"end":{"line":95,"column":14}},{"start":{"line":101,"column":4},"end":{"line":183,"column":14},"skip":true}]},"9":{"line":92,"type":"binary-expr","locations":[{"start":{"line":92,"column":18},"end":{"line":92,"column":32}},{"start":{"line":93,"column":12},"end":{"line":93,"column":53}},{"start":{"line":94,"column":12},"end":{"line":94,"column":61}}]},"10":{"line":102,"type":"binary-expr","locations":[{"start":{"line":102,"column":45},"end":{"line":102,"column":79},"skip":true},{"start":{"line":102,"column":83},"end":{"line":111,"column":9},"skip":true}]},"11":{"line":113,"type":"binary-expr","locations":[{"start":{"line":113,"column":42},"end":{"line":113,"column":73},"skip":true},{"start":{"line":113,"column":77},"end":{"line":126,"column":9},"skip":true}]},"12":{"line":128,"type":"binary-expr","locations":[{"start":{"line":128,"column":48},"end":{"line":128,"column":85},"skip":true},{"start":{"line":129,"column":12},"end":{"line":135,"column":13},"skip":true}]},"13":{"line":137,"type":"binary-expr","locations":[{"start":{"line":137,"column":42},"end":{"line":137,"column":73},"skip":true},{"start":{"line":137,"column":77},"end":{"line":146,"column":9},"skip":true}]},"14":{"line":148,"type":"binary-expr","locations":[{"start":{"line":148,"column":45},"end":{"line":148,"column":79},"skip":true},{"start":{"line":148,"column":83},"end":{"line":157,"column":9},"skip":true}]},"15":{"line":159,"type":"binary-expr","locations":[{"start":{"line":159,"column":43},"end":{"line":159,"column":75},"skip":true},{"start":{"line":159,"column":79},"end":{"line":168,"column":9},"skip":true}]},"16":{"line":170,"type":"binary-expr","locations":[{"start":{"line":170,"column":41},"end":{"line":170,"column":71},"skip":true},{"start":{"line":170,"column":75},"end":{"line":179,"column":9},"skip":true}]}},"code":["/* istanbul instrument in package npmtest_grunt_usemin */","/*jslint","    bitwise: true,","    browser: true,","    maxerr: 8,","    maxlen: 96,","    node: true,","    nomen: true,","    regexp: true,","    stupid: true","*/","(function () {","    'use strict';","    var local;","","","","    // run shared js-env code - pre-init","    (function () {","        // init local","        local = {};","        // init modeJs","        local.modeJs = (function () {","            try {","                return typeof navigator.userAgent === 'string' &&","                    typeof document.querySelector('body') === 'object' &&","                    typeof XMLHttpRequest.prototype.open === 'function' &&","                    'browser';","            } catch (errorCaughtBrowser) {","                return module.exports &&","                    typeof process.versions.node === 'string' &&","                    typeof require('http').createServer === 'function' &&","                    'node';","            }","        }());","        // init global","        local.global = local.modeJs === 'browser'","            ? window","            : global;","        switch (local.modeJs) {","        // re-init local from window.local","        case 'browser':","            local = local.global.utility2.objectSetDefault(","                local.global.utility2_rollup || local.global.local,","                local.global.utility2","            );","            break;","        // re-init local from example.js","        case 'node':","            local = (local.global.utility2_rollup || require('utility2'))","                .requireExampleJsFromReadme();","            break;","        }","        // export local","        local.global.local = local;","    }());","","","","    // run shared js-env code - function","    (function () {","        return;","    }());","    switch (local.modeJs) {","","","","    // run browser js-env code - function","    case 'browser':","        break;","","","","    // run node js-env code - function","    case 'node':","        break;","    }","","","","    // run shared js-env code - post-init","    (function () {","        return;","    }());","    switch (local.modeJs) {","","","","    // run browser js-env code - post-init","    case 'browser':","        // run tests","        local.nop(local.modeTest &&","            document.querySelector('#testRunButton1') &&","            document.querySelector('#testRunButton1').click());","        break;","","","","    // run node js-env code - post-init","    /* istanbul ignore next */","    case 'node':","        local.testCase_buildApidoc_default = local.testCase_buildApidoc_default || function (","            options,","            onError","        ) {","        /*","         * this function will test buildApidoc's default handling-behavior-behavior","         */","            options = { modulePathList: module.paths };","            local.buildApidoc(options, onError);","        };","","        local.testCase_buildApp_default = local.testCase_buildApp_default || function (","            options,","            onError","        ) {","        /*","         * this function will test buildApp's default handling-behavior-behavior","         */","            local.testCase_buildReadme_default(options, local.onErrorThrow);","            local.testCase_buildLib_default(options, local.onErrorThrow);","            local.testCase_buildTest_default(options, local.onErrorThrow);","            local.testCase_buildCustomOrg_default(options, local.onErrorThrow);","            options = [];","            local.buildApp(options, onError);","        };","","        local.testCase_buildCustomOrg_default = local.testCase_buildCustomOrg_default ||","            function (options, onError) {","            /*","             * this function will test buildCustomOrg's default handling-behavior","             */","                options = {};","                local.buildCustomOrg(options, onError);","            };","","        local.testCase_buildLib_default = local.testCase_buildLib_default || function (","            options,","            onError","        ) {","        /*","         * this function will test buildLib's default handling-behavior","         */","            options = {};","            local.buildLib(options, onError);","        };","","        local.testCase_buildReadme_default = local.testCase_buildReadme_default || function (","            options,","            onError","        ) {","        /*","         * this function will test buildReadme's default handling-behavior-behavior","         */","            options = {};","            local.buildReadme(options, onError);","        };","","        local.testCase_buildTest_default = local.testCase_buildTest_default || function (","            options,","            onError","        ) {","        /*","         * this function will test buildTest's default handling-behavior","         */","            options = {};","            local.buildTest(options, onError);","        };","","        local.testCase_webpage_default = local.testCase_webpage_default || function (","            options,","            onError","        ) {","        /*","         * this function will test webpage's default handling-behavior","         */","            options = { modeCoverageMerge: true, url: local.serverLocalHost + '?modeTest=1' };","            local.browserTest(options, onError);","        };","","        // run test-server","        local.testRunServer(local);","        break;","    }","}());",""],"l":{"12":2,"14":2,"19":2,"21":2,"23":2,"24":2,"25":2,"30":1,"37":2,"40":2,"43":1,"47":1,"50":1,"52":1,"55":2,"61":2,"62":2,"64":2,"70":1,"76":1,"82":2,"83":2,"85":2,"92":1,"95":1,"102":1,"109":1,"110":1,"113":1,"120":1,"121":1,"122":1,"123":1,"124":1,"125":1,"128":1,"133":2,"134":2,"137":1,"144":2,"145":2,"148":1,"155":2,"156":2,"159":1,"166":2,"167":2,"170":1,"177":1,"178":1,"182":1,"183":1}},"/home/travis/build/npmtest/node-npmtest-grunt-usemin/lib.npmtest_grunt_usemin.js":{"path":"/home/travis/build/npmtest/node-npmtest-grunt-usemin/lib.npmtest_grunt_usemin.js","s":{"1":2,"2":2,"3":2,"4":2,"5":2,"6":2,"7":2,"8":1,"9":2,"10":2,"11":2,"12":2,"13":1,"14":1,"15":1,"16":1},"b":{"1":[2,1,1,1],"2":[1,1,1,1],"3":[1,1],"4":[2,2],"5":[1,1]},"f":{"1":2,"2":2,"3":2},"fnMap":{"1":{"name":"(anonymous_1)","line":12,"loc":{"start":{"line":12,"column":1},"end":{"line":12,"column":13}}},"2":{"name":"(anonymous_2)","line":19,"loc":{"start":{"line":19,"column":5},"end":{"line":19,"column":17}}},"3":{"name":"(anonymous_3)","line":23,"loc":{"start":{"line":23,"column":24},"end":{"line":23,"column":36}}}},"statementMap":{"1":{"start":{"line":12,"column":0},"end":{"line":53,"column":5}},"2":{"start":{"line":14,"column":4},"end":{"line":14,"column":14}},"3":{"start":{"line":19,"column":4},"end":{"line":52,"column":9}},"4":{"start":{"line":21,"column":8},"end":{"line":21,"column":19}},"5":{"start":{"line":23,"column":8},"end":{"line":35,"column":13}},"6":{"start":{"line":24,"column":12},"end":{"line":34,"column":13}},"7":{"start":{"line":25,"column":16},"end":{"line":28,"column":30}},"8":{"start":{"line":30,"column":16},"end":{"line":33,"column":27}},"9":{"start":{"line":37,"column":8},"end":{"line":39,"column":21}},"10":{"start":{"line":41,"column":8},"end":{"line":41,"column":54}},"11":{"start":{"line":43,"column":8},"end":{"line":43,"column":57}},"12":{"start":{"line":45,"column":8},"end":{"line":51,"column":9}},"13":{"start":{"line":46,"column":12},"end":{"line":46,"column":63}},"14":{"start":{"line":48,"column":12},"end":{"line":48,"column":35}},"15":{"start":{"line":49,"column":12},"end":{"line":49,"column":49}},"16":{"start":{"line":50,"column":12},"end":{"line":50,"column":43}}},"branchMap":{"1":{"line":25,"type":"binary-expr","locations":[{"start":{"line":25,"column":23},"end":{"line":25,"column":62}},{"start":{"line":26,"column":20},"end":{"line":26,"column":70}},{"start":{"line":27,"column":20},"end":{"line":27,"column":71}},{"start":{"line":28,"column":20},"end":{"line":28,"column":29}}]},"2":{"line":30,"type":"binary-expr","locations":[{"start":{"line":30,"column":23},"end":{"line":30,"column":37}},{"start":{"line":31,"column":20},"end":{"line":31,"column":61}},{"start":{"line":32,"column":20},"end":{"line":32,"column":70}},{"start":{"line":33,"column":20},"end":{"line":33,"column":26}}]},"3":{"line":37,"type":"cond-expr","locations":[{"start":{"line":38,"column":14},"end":{"line":38,"column":20}},{"start":{"line":39,"column":14},"end":{"line":39,"column":20}}]},"4":{"line":41,"type":"binary-expr","locations":[{"start":{"line":41,"column":16},"end":{"line":41,"column":44}},{"start":{"line":41,"column":48},"end":{"line":41,"column":53}}]},"5":{"line":45,"type":"if","locations":[{"start":{"line":45,"column":8},"end":{"line":45,"column":8}},{"start":{"line":45,"column":8},"end":{"line":45,"column":8}}]}},"code":["/* istanbul instrument in package npmtest_grunt_usemin */","/*jslint","    bitwise: true,","    browser: true,","    maxerr: 8,","    maxlen: 96,","    node: true,","    nomen: true,","    regexp: true,","    stupid: true","*/","(function () {","    'use strict';","    var local;","","","","    // run shared js-env code - pre-init","    (function () {","        // init local","        local = {};","        // init modeJs","        local.modeJs = (function () {","            try {","                return typeof navigator.userAgent === 'string' &&","                    typeof document.querySelector('body') === 'object' &&","                    typeof XMLHttpRequest.prototype.open === 'function' &&","                    'browser';","            } catch (errorCaughtBrowser) {","                return module.exports &&","                    typeof process.versions.node === 'string' &&","                    typeof require('http').createServer === 'function' &&","                    'node';","            }","        }());","        // init global","        local.global = local.modeJs === 'browser'","            ? window","            : global;","        // init utility2_rollup","        local = local.global.utility2_rollup || local;","        // init lib","        local.local = local.npmtest_grunt_usemin = local;","        // init exports","        if (local.modeJs === 'browser') {","            local.global.utility2_npmtest_grunt_usemin = local;","        } else {","            module.exports = local;","            module.exports.__dirname = __dirname;","            module.exports.module = module;","        }","    }());","}());",""],"l":{"12":2,"14":2,"19":2,"21":2,"23":2,"24":2,"25":2,"30":1,"37":2,"41":2,"43":2,"45":2,"46":1,"48":1,"49":1,"50":1}},"/home/travis/build/npmtest/node-npmtest-grunt-usemin/example.js":{"path":"/home/travis/build/npmtest/node-npmtest-grunt-usemin/example.js","s":{"1":2,"2":2,"3":2,"4":2,"5":2,"6":2,"7":2,"8":1,"9":2,"10":2,"11":2,"12":2,"13":1,"14":2,"15":2,"16":2,"17":2,"18":2,"19":0,"20":2,"21":1,"22":1,"23":1,"24":1,"25":1,"26":0,"27":0,"28":1,"29":1,"30":2,"31":0,"32":0,"33":0,"34":1,"35":2,"36":2,"37":2,"38":2,"39":2,"40":2,"41":0,"42":2,"43":2,"44":2,"45":1,"46":3,"47":1,"48":1,"49":1,"50":1,"51":1,"52":1,"53":1,"54":1,"55":1,"56":1,"57":0,"58":1,"59":6,"60":6,"61":1,"62":2,"63":0,"64":2,"65":1,"66":1,"67":0,"68":0,"69":0,"70":0,"71":0,"72":0,"73":0,"74":0,"75":0,"76":0,"77":0,"78":0,"79":0,"80":0,"81":0,"82":0,"83":0},"b":{"1":[2,1,1,1],"2":[1,1,1,1],"3":[1,1],"4":[2,2],"5":[1,1],"6":[1,1],"7":[2,0],"8":[2,1,1,1,1,1],"9":[0,2,0],"10":[1,1],"11":[2,1,1],"12":[1,0],"13":[0,2],"14":[2,0,0,0,0,0,0],"15":[0,2],"16":[2,0],"17":[1,1],"18":[0,1],"19":[1,2,0,2],"20":[1,0],"21":[1,1],"22":[0,0],"23":[0,0],"24":[0,0],"25":[0,0],"26":[0,0],"27":[0,0],"28":[0,0]},"f":{"1":2,"2":2,"3":2,"4":2,"5":2,"6":2,"7":2,"8":2,"9":3,"10":1,"11":6,"12":0},"fnMap":{"1":{"name":"(anonymous_1)","line":26,"loc":{"start":{"line":26,"column":1},"end":{"line":26,"column":13}}},"2":{"name":"(anonymous_2)","line":33,"loc":{"start":{"line":33,"column":5},"end":{"line":33,"column":17}}},"3":{"name":"(anonymous_3)","line":37,"loc":{"start":{"line":37,"column":24},"end":{"line":37,"column":36}}},"4":{"name":"(anonymous_4)","line":69,"loc":{"start":{"line":69,"column":31},"end":{"line":69,"column":48}},"skip":true},"5":{"name":"(anonymous_5)","line":78,"loc":{"start":{"line":78,"column":26},"end":{"line":78,"column":45}},"skip":true},"6":{"name":"(anonymous_6)","line":123,"loc":{"start":{"line":123,"column":33},"end":{"line":123,"column":48}},"skip":true},"7":{"name":"(anonymous_7)","line":125,"loc":{"start":{"line":125,"column":27},"end":{"line":125,"column":39}},"skip":true},"8":{"name":"(anonymous_8)","line":133,"loc":{"start":{"line":133,"column":59},"end":{"line":133,"column":74}},"skip":true},"9":{"name":"(anonymous_9)","line":143,"loc":{"start":{"line":143,"column":45},"end":{"line":143,"column":62}},"skip":true},"10":{"name":"(anonymous_10)","line":144,"loc":{"start":{"line":144,"column":73},"end":{"line":144,"column":92}},"skip":true},"11":{"name":"(anonymous_11)","line":272,"loc":{"start":{"line":272,"column":51},"end":{"line":272,"column":77}},"skip":true},"12":{"name":"(anonymous_12)","line":314,"loc":{"start":{"line":314,"column":32},"end":{"line":314,"column":61}},"skip":true}},"statementMap":{"1":{"start":{"line":26,"column":0},"end":{"line":325,"column":5}},"2":{"start":{"line":28,"column":4},"end":{"line":28,"column":14}},"3":{"start":{"line":33,"column":4},"end":{"line":60,"column":9}},"4":{"start":{"line":35,"column":8},"end":{"line":35,"column":19}},"5":{"start":{"line":37,"column":8},"end":{"line":49,"column":13}},"6":{"start":{"line":38,"column":12},"end":{"line":48,"column":13}},"7":{"start":{"line":39,"column":16},"end":{"line":42,"column":30}},"8":{"start":{"line":44,"column":16},"end":{"line":47,"column":27}},"9":{"start":{"line":51,"column":8},"end":{"line":53,"column":21}},"10":{"start":{"line":55,"column":8},"end":{"line":57,"column":45}},"11":{"start":{"line":59,"column":8},"end":{"line":59,"column":35}},"12":{"start":{"line":61,"column":4},"end":{"line":324,"column":5}},"13":{"start":{"line":69,"column":8},"end":{"line":121,"column":10},"skip":true},"14":{"start":{"line":70,"column":12},"end":{"line":88,"column":13},"skip":true},"15":{"start":{"line":76,"column":16},"end":{"line":87,"column":19},"skip":true},"16":{"start":{"line":79,"column":20},"end":{"line":86,"column":21},"skip":true},"17":{"start":{"line":82,"column":24},"end":{"line":82,"column":43},"skip":true},"18":{"start":{"line":83,"column":24},"end":{"line":83,"column":30},"skip":true},"19":{"start":{"line":85,"column":24},"end":{"line":85,"column":49},"skip":true},"20":{"start":{"line":89,"column":12},"end":{"line":107,"column":13},"skip":true},"21":{"start":{"line":92,"column":16},"end":{"line":102,"column":17},"skip":true},"22":{"start":{"line":93,"column":20},"end":{"line":93,"column":86},"skip":true},"23":{"start":{"line":94,"column":20},"end":{"line":95,"column":45},"skip":true},"24":{"start":{"line":96,"column":20},"end":{"line":96,"column":42},"skip":true},"25":{"start":{"line":97,"column":20},"end":{"line":97,"column":48},"skip":true},"26":{"start":{"line":100,"column":20},"end":{"line":100,"column":85},"skip":true},"27":{"start":{"line":101,"column":20},"end":{"line":101,"column":96},"skip":true},"28":{"start":{"line":103,"column":16},"end":{"line":103,"column":22},"skip":true},"29":{"start":{"line":106,"column":16},"end":{"line":106,"column":22},"skip":true},"30":{"start":{"line":108,"column":12},"end":{"line":120,"column":13},"skip":true},"31":{"start":{"line":114,"column":16},"end":{"line":119,"column":17},"skip":true},"32":{"start":{"line":116,"column":20},"end":{"line":116,"column":78},"skip":true},"33":{"start":{"line":118,"column":20},"end":{"line":118,"column":47},"skip":true},"34":{"start":{"line":123,"column":8},"end":{"line":141,"column":11},"skip":true},"35":{"start":{"line":124,"column":12},"end":{"line":124,"column":54},"skip":true},"36":{"start":{"line":125,"column":12},"end":{"line":140,"column":14},"skip":true},"37":{"start":{"line":126,"column":16},"end":{"line":126,"column":28},"skip":true},"38":{"start":{"line":127,"column":16},"end":{"line":127,"column":69},"skip":true},"39":{"start":{"line":128,"column":16},"end":{"line":128,"column":75},"skip":true},"40":{"start":{"line":129,"column":16},"end":{"line":131,"column":17},"skip":true},"41":{"start":{"line":130,"column":20},"end":{"line":130,"column":27},"skip":true},"42":{"start":{"line":133,"column":16},"end":{"line":137,"column":36},"skip":true},"43":{"start":{"line":134,"column":20},"end":{"line":136,"column":55},"skip":true},"44":{"start":{"line":139,"column":16},"end":{"line":139,"column":57},"skip":true},"45":{"start":{"line":143,"column":8},"end":{"line":147,"column":11},"skip":true},"46":{"start":{"line":144,"column":12},"end":{"line":146,"column":15},"skip":true},"47":{"start":{"line":145,"column":16},"end":{"line":145,"column":70},"skip":true},"48":{"start":{"line":149,"column":8},"end":{"line":149,"column":31},"skip":true},"49":{"start":{"line":150,"column":8},"end":{"line":150,"column":14},"skip":true},"50":{"start":{"line":158,"column":8},"end":{"line":158,"column":31},"skip":true},"51":{"start":{"line":160,"column":8},"end":{"line":160,"column":33},"skip":true},"52":{"start":{"line":161,"column":8},"end":{"line":161,"column":37},"skip":true},"53":{"start":{"line":162,"column":8},"end":{"line":162,"column":35},"skip":true},"54":{"start":{"line":164,"column":8},"end":{"line":164,"column":50},"skip":true},"55":{"start":{"line":166,"column":8},"end":{"line":256,"column":2},"skip":true},"56":{"start":{"line":258,"column":8},"end":{"line":286,"column":9},"skip":true},"57":{"start":{"line":259,"column":12},"end":{"line":269,"column":14},"skip":true},"58":{"start":{"line":271,"column":12},"end":{"line":285,"column":19},"skip":true},"59":{"start":{"line":274,"column":20},"end":{"line":274,"column":35},"skip":true},"60":{"start":{"line":275,"column":20},"end":{"line":284,"column":21},"skip":true},"61":{"start":{"line":277,"column":24},"end":{"line":277,"column":64},"skip":true},"62":{"start":{"line":279,"column":24},"end":{"line":279,"column":40},"skip":true},"63":{"start":{"line":281,"column":24},"end":{"line":281,"column":40},"skip":true},"64":{"start":{"line":283,"column":24},"end":{"line":283,"column":39},"skip":true},"65":{"start":{"line":288,"column":8},"end":{"line":290,"column":9},"skip":true},"66":{"start":{"line":289,"column":12},"end":{"line":289,"column":18},"skip":true},"67":{"start":{"line":291,"column":8},"end":{"line":293,"column":54},"skip":true},"68":{"start":{"line":294,"column":8},"end":{"line":301,"column":37},"skip":true},"69":{"start":{"line":302,"column":8},"end":{"line":302,"column":82},"skip":true},"70":{"start":{"line":305,"column":8},"end":{"line":307,"column":9},"skip":true},"71":{"start":{"line":306,"column":12},"end":{"line":306,"column":82},"skip":true},"72":{"start":{"line":309,"column":8},"end":{"line":311,"column":9},"skip":true},"73":{"start":{"line":310,"column":12},"end":{"line":310,"column":18},"skip":true},"74":{"start":{"line":312,"column":8},"end":{"line":312,"column":54},"skip":true},"75":{"start":{"line":313,"column":8},"end":{"line":313,"column":69},"skip":true},"76":{"start":{"line":314,"column":8},"end":{"line":322,"column":36},"skip":true},"77":{"start":{"line":315,"column":12},"end":{"line":315,"column":61},"skip":true},"78":{"start":{"line":316,"column":12},"end":{"line":319,"column":13},"skip":true},"79":{"start":{"line":317,"column":16},"end":{"line":317,"column":75},"skip":true},"80":{"start":{"line":318,"column":16},"end":{"line":318,"column":23},"skip":true},"81":{"start":{"line":320,"column":12},"end":{"line":320,"column":38},"skip":true},"82":{"start":{"line":321,"column":12},"end":{"line":321,"column":27},"skip":true},"83":{"start":{"line":323,"column":8},"end":{"line":323,"column":14},"skip":true}},"branchMap":{"1":{"line":39,"type":"binary-expr","locations":[{"start":{"line":39,"column":23},"end":{"line":39,"column":62}},{"start":{"line":40,"column":20},"end":{"line":40,"column":70}},{"start":{"line":41,"column":20},"end":{"line":41,"column":71}},{"start":{"line":42,"column":20},"end":{"line":42,"column":29}}]},"2":{"line":44,"type":"binary-expr","locations":[{"start":{"line":44,"column":23},"end":{"line":44,"column":37}},{"start":{"line":45,"column":20},"end":{"line":45,"column":61}},{"start":{"line":46,"column":20},"end":{"line":46,"column":70}},{"start":{"line":47,"column":20},"end":{"line":47,"column":26}}]},"3":{"line":51,"type":"cond-expr","locations":[{"start":{"line":52,"column":14},"end":{"line":52,"column":20}},{"start":{"line":53,"column":14},"end":{"line":53,"column":20}}]},"4":{"line":55,"type":"binary-expr","locations":[{"start":{"line":55,"column":16},"end":{"line":55,"column":44}},{"start":{"line":55,"column":49},"end":{"line":57,"column":43}}]},"5":{"line":55,"type":"cond-expr","locations":[{"start":{"line":56,"column":14},"end":{"line":56,"column":56}},{"start":{"line":57,"column":14},"end":{"line":57,"column":43}}]},"6":{"line":61,"type":"switch","locations":[{"start":{"line":68,"column":4},"end":{"line":150,"column":14},"skip":true},{"start":{"line":156,"column":4},"end":{"line":323,"column":14},"skip":true}]},"7":{"line":70,"type":"if","locations":[{"start":{"line":70,"column":12},"end":{"line":70,"column":12},"skip":true},{"start":{"line":70,"column":12},"end":{"line":70,"column":12},"skip":true}]},"8":{"line":70,"type":"binary-expr","locations":[{"start":{"line":70,"column":16},"end":{"line":70,"column":22},"skip":true},{"start":{"line":70,"column":27},"end":{"line":70,"column":32},"skip":true},{"start":{"line":71,"column":20},"end":{"line":71,"column":39},"skip":true},{"start":{"line":72,"column":20},"end":{"line":72,"column":49},"skip":true},{"start":{"line":73,"column":20},"end":{"line":73,"column":58},"skip":true},{"start":{"line":74,"column":20},"end":{"line":74,"column":69},"skip":true}]},"9":{"line":79,"type":"switch","locations":[{"start":{"line":80,"column":20},"end":{"line":80,"column":33},"skip":true},{"start":{"line":81,"column":20},"end":{"line":83,"column":30},"skip":true},{"start":{"line":84,"column":20},"end":{"line":85,"column":49},"skip":true}]},"10":{"line":89,"type":"switch","locations":[{"start":{"line":90,"column":12},"end":{"line":103,"column":22},"skip":true},{"start":{"line":105,"column":12},"end":{"line":106,"column":22},"skip":true}]},"11":{"line":89,"type":"binary-expr","locations":[{"start":{"line":89,"column":20},"end":{"line":89,"column":25},"skip":true},{"start":{"line":89,"column":29},"end":{"line":89,"column":48},"skip":true},{"start":{"line":89,"column":52},"end":{"line":89,"column":74},"skip":true}]},"12":{"line":92,"type":"if","locations":[{"start":{"line":92,"column":16},"end":{"line":92,"column":16},"skip":true},{"start":{"line":92,"column":16},"end":{"line":92,"column":16},"skip":true}]},"13":{"line":108,"type":"if","locations":[{"start":{"line":108,"column":12},"end":{"line":108,"column":12},"skip":true},{"start":{"line":108,"column":12},"end":{"line":108,"column":12},"skip":true}]},"14":{"line":108,"type":"binary-expr","locations":[{"start":{"line":108,"column":16},"end":{"line":108,"column":61},"skip":true},{"start":{"line":108,"column":66},"end":{"line":108,"column":72},"skip":true},{"start":{"line":108,"column":77},"end":{"line":108,"column":82},"skip":true},{"start":{"line":109,"column":20},"end":{"line":109,"column":39},"skip":true},{"start":{"line":110,"column":20},"end":{"line":110,"column":49},"skip":true},{"start":{"line":111,"column":20},"end":{"line":111,"column":58},"skip":true},{"start":{"line":112,"column":20},"end":{"line":112,"column":68},"skip":true}]},"15":{"line":129,"type":"if","locations":[{"start":{"line":129,"column":16},"end":{"line":129,"column":16},"skip":true},{"start":{"line":129,"column":16},"end":{"line":129,"column":16},"skip":true}]},"16":{"line":134,"type":"cond-expr","locations":[{"start":{"line":135,"column":26},"end":{"line":135,"column":29},"skip":true},{"start":{"line":136,"column":26},"end":{"line":136,"column":54},"skip":true}]},"17":{"line":164,"type":"binary-expr","locations":[{"start":{"line":164,"column":27},"end":{"line":164,"column":43},"skip":true},{"start":{"line":164,"column":47},"end":{"line":164,"column":49},"skip":true}]},"18":{"line":258,"type":"if","locations":[{"start":{"line":258,"column":8},"end":{"line":258,"column":8},"skip":true},{"start":{"line":258,"column":8},"end":{"line":258,"column":8},"skip":true}]},"19":{"line":275,"type":"switch","locations":[{"start":{"line":276,"column":20},"end":{"line":277,"column":64},"skip":true},{"start":{"line":278,"column":20},"end":{"line":279,"column":40},"skip":true},{"start":{"line":280,"column":20},"end":{"line":281,"column":40},"skip":true},{"start":{"line":282,"column":20},"end":{"line":283,"column":39},"skip":true}]},"20":{"line":288,"type":"if","locations":[{"start":{"line":288,"column":8},"end":{"line":288,"column":8},"skip":true},{"start":{"line":288,"column":8},"end":{"line":288,"column":8},"skip":true}]},"21":{"line":288,"type":"binary-expr","locations":[{"start":{"line":288,"column":12},"end":{"line":288,"column":40},"skip":true},{"start":{"line":288,"column":44},"end":{"line":288,"column":67},"skip":true}]},"22":{"line":292,"type":"binary-expr","locations":[{"start":{"line":292,"column":12},"end":{"line":292,"column":50},"skip":true},{"start":{"line":293,"column":12},"end":{"line":293,"column":53},"skip":true}]},"23":{"line":295,"type":"binary-expr","locations":[{"start":{"line":295,"column":12},"end":{"line":295,"column":70},"skip":true},{"start":{"line":296,"column":12},"end":{"line":301,"column":36},"skip":true}]},"24":{"line":302,"type":"binary-expr","locations":[{"start":{"line":302,"column":43},"end":{"line":302,"column":75},"skip":true},{"start":{"line":302,"column":79},"end":{"line":302,"column":81},"skip":true}]},"25":{"line":305,"type":"if","locations":[{"start":{"line":305,"column":8},"end":{"line":305,"column":8},"skip":true},{"start":{"line":305,"column":8},"end":{"line":305,"column":8},"skip":true}]},"26":{"line":309,"type":"if","locations":[{"start":{"line":309,"column":8},"end":{"line":309,"column":8},"skip":true},{"start":{"line":309,"column":8},"end":{"line":309,"column":8},"skip":true}]},"27":{"line":312,"type":"binary-expr","locations":[{"start":{"line":312,"column":27},"end":{"line":312,"column":43},"skip":true},{"start":{"line":312,"column":47},"end":{"line":312,"column":53},"skip":true}]},"28":{"line":316,"type":"if","locations":[{"start":{"line":316,"column":12},"end":{"line":316,"column":12},"skip":true},{"start":{"line":316,"column":12},"end":{"line":316,"column":12},"skip":true}]}},"code":["/*","example.js","","quickstart example","","instruction","    1. save this script as example.js","    2. run the shell command:","        $ npm install npmtest-grunt-usemin && PORT=8081 node example.js","    3. play with the browser-demo on http://127.0.0.1:8081","*/","","","","/* istanbul instrument in package npmtest_grunt_usemin */","/*jslint","    bitwise: true,","    browser: true,","    maxerr: 8,","    maxlen: 96,","    node: true,","    nomen: true,","    regexp: true,","    stupid: true","*/","(function () {","    'use strict';","    var local;","","","","    // run shared js-env code - pre-init","    (function () {","        // init local","        local = {};","        // init modeJs","        local.modeJs = (function () {","            try {","                return typeof navigator.userAgent === 'string' &&","                    typeof document.querySelector('body') === 'object' &&","                    typeof XMLHttpRequest.prototype.open === 'function' &&","                    'browser';","            } catch (errorCaughtBrowser) {","                return module.exports &&","                    typeof process.versions.node === 'string' &&","                    typeof require('http').createServer === 'function' &&","                    'node';","            }","        }());","        // init global","        local.global = local.modeJs === 'browser'","            ? window","            : global;","        // init utility2_rollup","        local = local.global.utility2_rollup || (local.modeJs === 'browser'","            ? local.global.utility2_npmtest_grunt_usemin","            : global.utility2_moduleExports);","        // export local","        local.global.local = local;","    }());","    switch (local.modeJs) {","","","","    // post-init","    // run browser js-env code - post-init","    /* istanbul ignore next */","    case 'browser':","        local.testRunBrowser = function (event) {","            if (!event || (event &&","                    event.currentTarget &&","                    event.currentTarget.className &&","                    event.currentTarget.className.includes &&","                    event.currentTarget.className.includes('onreset'))) {","                // reset output","                Array.from(","                    document.querySelectorAll('body > .resettable')","                ).forEach(function (element) {","                    switch (element.tagName) {","                    case 'INPUT':","                    case 'TEXTAREA':","                        element.value = '';","                        break;","                    default:","                        element.textContent = '';","                    }","                });","            }","            switch (event && event.currentTarget && event.currentTarget.id) {","            case 'testRunButton1':","                // show tests","                if (document.querySelector('#testReportDiv1').style.display === 'none') {","                    document.querySelector('#testReportDiv1').style.display = 'block';","                    document.querySelector('#testRunButton1').textContent =","                        'hide internal test';","                    local.modeTest = true;","                    local.testRunDefault(local);","                // hide tests","                } else {","                    document.querySelector('#testReportDiv1').style.display = 'none';","                    document.querySelector('#testRunButton1').textContent = 'run internal test';","                }","                break;","            // custom-case","            default:","                break;","            }","            if (document.querySelector('#inputTextareaEval1') && (!event || (event &&","                    event.currentTarget &&","                    event.currentTarget.className &&","                    event.currentTarget.className.includes &&","                    event.currentTarget.className.includes('oneval')))) {","                // try to eval input-code","                try {","                    /*jslint evil: true*/","                    eval(document.querySelector('#inputTextareaEval1').value);","                } catch (errorCaught) {","                    console.error(errorCaught);","                }","            }","        };","        // log stderr and stdout to #outputTextareaStdout1","        ['error', 'log'].forEach(function (key) {","            console[key + '_original'] = console[key];","            console[key] = function () {","                var element;","                console[key + '_original'].apply(console, arguments);","                element = document.querySelector('#outputTextareaStdout1');","                if (!element) {","                    return;","                }","                // append text to #outputTextareaStdout1","                element.value += Array.from(arguments).map(function (arg) {","                    return typeof arg === 'string'","                        ? arg","                        : JSON.stringify(arg, null, 4);","                }).join(' ') + '\\n';","                // scroll textarea to bottom","                element.scrollTop = element.scrollHeight;","            };","        });","        // init event-handling","        ['change', 'click', 'keyup'].forEach(function (event) {","            Array.from(document.querySelectorAll('.on' + event)).forEach(function (element) {","                element.addEventListener(event, local.testRunBrowser);","            });","        });","        // run tests","        local.testRunBrowser();","        break;","","","","    // run node js-env code - post-init","    /* istanbul ignore next */","    case 'node':","        // export local","        module.exports = local;","        // require modules","        local.fs = require('fs');","        local.http = require('http');","        local.url = require('url');","        // init assets","        local.assetsDict = local.assetsDict || {};","        /* jslint-ignore-begin */","        local.assetsDict['/assets.index.template.html'] = '\\","<!doctype html>\\n\\","<html lang=\"en\">\\n\\","<head>\\n\\","<meta charset=\"UTF-8\">\\n\\","<meta name=\"viewport\" content=\"width=device-width, initial-scale=1\">\\n\\","<title>{{env.npm_package_name}} (v{{env.npm_package_version}})</title>\\n\\","<style>\\n\\","/*csslint\\n\\","    box-sizing: false,\\n\\","    universal-selector: false\\n\\","*/\\n\\","* {\\n\\","    box-sizing: border-box;\\n\\","}\\n\\","body {\\n\\","    background: #dde;\\n\\","    font-family: Arial, Helvetica, sans-serif;\\n\\","    margin: 2rem;\\n\\","}\\n\\","body > * {\\n\\","    margin-bottom: 1rem;\\n\\","}\\n\\",".utility2FooterDiv {\\n\\","    margin-top: 20px;\\n\\","    text-align: center;\\n\\","}\\n\\","</style>\\n\\","<style>\\n\\","/*csslint\\n\\","*/\\n\\","textarea {\\n\\","    font-family: monospace;\\n\\","    height: 10rem;\\n\\","    width: 100%;\\n\\","}\\n\\","textarea[readonly] {\\n\\","    background: #ddd;\\n\\","}\\n\\","</style>\\n\\","</head>\\n\\","<body>\\n\\","<!-- utility2-comment\\n\\","<div id=\"ajaxProgressDiv1\" style=\"background: #d00; height: 2px; left: 0; margin: 0; padding: 0; position: fixed; top: 0; transition: background 0.5s, width 1.5s; width: 25%;\"></div>\\n\\","utility2-comment -->\\n\\","<h1>\\n\\","<!-- utility2-comment\\n\\","    <a\\n\\","        {{#if env.npm_package_homepage}}\\n\\","        href=\"{{env.npm_package_homepage}}\"\\n\\","        {{/if env.npm_package_homepage}}\\n\\","        target=\"_blank\"\\n\\","    >\\n\\","utility2-comment -->\\n\\","        {{env.npm_package_name}} (v{{env.npm_package_version}})\\n\\","<!-- utility2-comment\\n\\","    </a>\\n\\","utility2-comment -->\\n\\","</h1>\\n\\","<h3>{{env.npm_package_description}}</h3>\\n\\","<!-- utility2-comment\\n\\","<h4><a download href=\"assets.app.js\">download standalone app</a></h4>\\n\\","<button class=\"onclick onreset\" id=\"testRunButton1\">run internal test</button><br>\\n\\","<div id=\"testReportDiv1\" style=\"display: none;\"></div>\\n\\","utility2-comment -->\\n\\","\\n\\","\\n\\","\\n\\","<label>stderr and stdout</label>\\n\\","<textarea class=\"resettable\" id=\"outputTextareaStdout1\" readonly></textarea>\\n\\","<!-- utility2-comment\\n\\","{{#if isRollup}}\\n\\","<script src=\"assets.app.js\"></script>\\n\\","{{#unless isRollup}}\\n\\","utility2-comment -->\\n\\","<script src=\"assets.utility2.rollup.js\"></script>\\n\\","<script src=\"jsonp.utility2._stateInit?callback=window.utility2._stateInit\"></script>\\n\\","<script src=\"assets.npmtest_grunt_usemin.rollup.js\"></script>\\n\\","<script src=\"assets.example.js\"></script>\\n\\","<script src=\"assets.test.js\"></script>\\n\\","<!-- utility2-comment\\n\\","{{/if isRollup}}\\n\\","utility2-comment -->\\n\\","<div class=\"utility2FooterDiv\">\\n\\","    [ this app was created with\\n\\","    <a href=\"https://github.com/kaizhu256/node-utility2\" target=\"_blank\">utility2</a>\\n\\","    ]\\n\\","</div>\\n\\","</body>\\n\\","</html>\\n\\","';","        /* jslint-ignore-end */","        if (local.templateRender) {","            local.assetsDict['/'] = local.templateRender(","                local.assetsDict['/assets.index.template.html'],","                {","                    env: local.objectSetDefault(local.env, {","                        npm_package_description: 'the greatest app in the world!',","                        npm_package_name: 'my-app',","                        npm_package_nameAlias: 'my_app',","                        npm_package_version: '0.0.1'","                    })","                }","            );","        } else {","            local.assetsDict['/'] = local.assetsDict['/assets.index.template.html']","                .replace((/\\{\\{env\\.(\\w+?)\\}\\}/g), function (match0, match1) {","                    // jslint-hack","                    String(match0);","                    switch (match1) {","                    case 'npm_package_description':","                        return 'the greatest app in the world!';","                    case 'npm_package_name':","                        return 'my-app';","                    case 'npm_package_nameAlias':","                        return 'my_app';","                    case 'npm_package_version':","                        return '0.0.1';","                    }","                });","        }","        // run the cli","        if (local.global.utility2_rollup || module !== require.main) {","            break;","        }","        local.assetsDict['/assets.example.js'] =","            local.assetsDict['/assets.example.js'] ||","            local.fs.readFileSync(__filename, 'utf8');","        local.assetsDict['/assets.npmtest_grunt_usemin.rollup.js'] =","            local.assetsDict['/assets.npmtest_grunt_usemin.rollup.js'] ||","            local.fs.readFileSync(","                // buildCustomOrg-hack","                local.npmtest_grunt_usemin.__dirname +","                    '/lib.npmtest_grunt_usemin.js',","                'utf8'","            ).replace((/^#!/), '//');","        local.assetsDict['/favicon.ico'] = local.assetsDict['/favicon.ico'] || '';","        // if $npm_config_timeout_exit exists,","        // then exit this process after $npm_config_timeout_exit ms","        if (Number(process.env.npm_config_timeout_exit)) {","            setTimeout(process.exit, Number(process.env.npm_config_timeout_exit));","        }","        // start server","        if (local.global.utility2_serverHttp1) {","            break;","        }","        process.env.PORT = process.env.PORT || '8081';","        console.error('server starting on port ' + process.env.PORT);","        local.http.createServer(function (request, response) {","            request.urlParsed = local.url.parse(request.url);","            if (local.assetsDict[request.urlParsed.pathname] !== undefined) {","                response.end(local.assetsDict[request.urlParsed.pathname]);","                return;","            }","            response.statusCode = 404;","            response.end();","        }).listen(process.env.PORT);","        break;","    }","}());",""],"l":{"26":2,"28":2,"33":2,"35":2,"37":2,"38":2,"39":2,"44":1,"51":2,"55":2,"59":2,"61":2,"69":1,"70":2,"76":2,"79":2,"82":2,"83":2,"85":1,"89":2,"92":1,"93":1,"94":1,"96":1,"97":1,"100":1,"101":1,"103":1,"106":1,"108":2,"114":1,"116":1,"118":1,"123":1,"124":2,"125":2,"126":2,"127":2,"128":2,"129":2,"130":1,"133":2,"134":2,"139":2,"143":1,"144":3,"145":1,"149":1,"150":1,"158":1,"160":1,"161":1,"162":1,"164":1,"166":1,"258":1,"259":1,"271":1,"274":6,"275":6,"277":1,"279":2,"281":1,"283":2,"288":1,"289":1,"291":1,"294":1,"302":1,"305":1,"306":1,"309":1,"310":1,"312":1,"313":1,"314":1,"315":1,"316":1,"317":1,"318":1,"320":1,"321":1,"323":1}},"/home/travis/build/npmtest/node-npmtest-grunt-usemin/node_modules/grunt-usemin/lib/configwriter.js":{"path":"/home/travis/build/npmtest/node-npmtest-grunt-usemin/node_modules/grunt-usemin/lib/configwriter.js","s":{"1":1,"2":1,"3":1,"4":1,"5":0,"6":0,"7":0,"8":0,"9":0,"10":0,"11":0,"12":0,"13":0,"14":0,"15":0,"16":0,"17":1,"18":0,"19":0,"20":0,"21":0,"22":0,"23":0,"24":0,"25":0,"26":0,"27":0,"28":0,"29":0,"30":0,"31":0,"32":0,"33":0,"34":0,"35":0,"36":0,"37":0,"38":0,"39":0,"40":0,"41":1,"42":0,"43":0,"44":0,"45":0,"46":0,"47":1,"48":0,"49":1,"50":0,"51":0,"52":0,"53":1,"54":0,"55":0,"56":0,"57":0,"58":0,"59":0,"60":0,"61":0,"62":0,"63":0,"64":0,"65":0,"66":0,"67":0,"68":0,"69":0,"70":0,"71":0,"72":0,"73":0,"74":0,"75":0,"76":0,"77":0,"78":0,"79":0,"80":0,"81":0,"82":0,"83":0,"84":0,"85":0,"86":0,"87":0,"88":0,"89":0,"90":0,"91":0,"92":0,"93":0,"94":0,"95":0,"96":0,"97":0,"98":0,"99":0,"100":0},"b":{"1":[0,0],"2":[0,0],"3":[0,0],"4":[0,0],"5":[0,0],"6":[0,0],"7":[0,0],"8":[0,0],"9":[0,0],"10":[0,0],"11":[0,0],"12":[0,0],"13":[0,0],"14":[0,0],"15":[0,0],"16":[0,0],"17":[0,0],"18":[0,0],"19":[0,0],"20":[0,0],"21":[0,0],"22":[0,0],"23":[0,0],"24":[0,0]},"f":{"1":0,"2":0,"3":0,"4":0,"5":0,"6":0,"7":0,"8":0,"9":0,"10":0,"11":0,"12":0,"13":0,"14":0},"fnMap":{"1":{"name":"(anonymous_1)","line":6,"loc":{"start":{"line":6,"column":16},"end":{"line":6,"column":40}}},"2":{"name":"(anonymous_2)","line":57,"loc":{"start":{"line":57,"column":36},"end":{"line":57,"column":58}}},"3":{"name":"(anonymous_3)","line":71,"loc":{"start":{"line":71,"column":28},"end":{"line":71,"column":49}}},"4":{"name":"(anonymous_4)","line":75,"loc":{"start":{"line":75,"column":34},"end":{"line":75,"column":50}}},"5":{"name":"(anonymous_5)","line":87,"loc":{"start":{"line":87,"column":33},"end":{"line":87,"column":49}}},"6":{"name":"(anonymous_6)","line":114,"loc":{"start":{"line":114,"column":37},"end":{"line":114,"column":58}}},"7":{"name":"(anonymous_7)","line":125,"loc":{"start":{"line":125,"column":37},"end":{"line":125,"column":58}}},"8":{"name":"(anonymous_8)","line":136,"loc":{"start":{"line":136,"column":37},"end":{"line":136,"column":62}}},"9":{"name":"(anonymous_9)","line":138,"loc":{"start":{"line":138,"column":38},"end":{"line":138,"column":61}}},"10":{"name":"(anonymous_10)","line":152,"loc":{"start":{"line":152,"column":33},"end":{"line":152,"column":57}}},"11":{"name":"(anonymous_11)","line":162,"loc":{"start":{"line":162,"column":23},"end":{"line":162,"column":40}}},"12":{"name":"(anonymous_12)","line":175,"loc":{"start":{"line":175,"column":33},"end":{"line":175,"column":57}}},"13":{"name":"(anonymous_13)","line":192,"loc":{"start":{"line":192,"column":24},"end":{"line":192,"column":45}}},"14":{"name":"(anonymous_14)","line":221,"loc":{"start":{"line":221,"column":46},"end":{"line":221,"column":60}}}},"statementMap":{"1":{"start":{"line":2,"column":0},"end":{"line":2,"column":27}},"2":{"start":{"line":3,"column":0},"end":{"line":3,"column":29}},"3":{"start":{"line":4,"column":0},"end":{"line":4,"column":26}},"4":{"start":{"line":6,"column":0},"end":{"line":30,"column":2}},"5":{"start":{"line":7,"column":2},"end":{"line":7,"column":23}},"6":{"start":{"line":14,"column":2},"end":{"line":27,"column":3}},"7":{"start":{"line":15,"column":4},"end":{"line":15,"column":21}},"8":{"start":{"line":16,"column":4},"end":{"line":21,"column":5}},"9":{"start":{"line":17,"column":6},"end":{"line":20,"column":7}},"10":{"start":{"line":18,"column":8},"end":{"line":18,"column":47}},"11":{"start":{"line":19,"column":8},"end":{"line":19,"column":20}},"12":{"start":{"line":22,"column":4},"end":{"line":24,"column":5}},"13":{"start":{"line":23,"column":6},"end":{"line":23,"column":55}},"14":{"start":{"line":25,"column":9},"end":{"line":27,"column":3}},"15":{"start":{"line":26,"column":4},"end":{"line":26,"column":29}},"16":{"start":{"line":29,"column":2},"end":{"line":29,"column":16}},"17":{"start":{"line":57,"column":0},"end":{"line":112,"column":2}},"18":{"start":{"line":58,"column":2},"end":{"line":58,"column":18}},"19":{"start":{"line":59,"column":2},"end":{"line":59,"column":19}},"20":{"start":{"line":61,"column":2},"end":{"line":61,"column":24}},"21":{"start":{"line":62,"column":2},"end":{"line":62,"column":24}},"22":{"start":{"line":63,"column":2},"end":{"line":63,"column":30}},"23":{"start":{"line":64,"column":2},"end":{"line":64,"column":18}},"24":{"start":{"line":65,"column":2},"end":{"line":65,"column":27}},"25":{"start":{"line":66,"column":2},"end":{"line":66,"column":25}},"26":{"start":{"line":71,"column":2},"end":{"line":99,"column":5}},"27":{"start":{"line":72,"column":4},"end":{"line":72,"column":31}},"28":{"start":{"line":73,"column":4},"end":{"line":73,"column":40}},"29":{"start":{"line":75,"column":4},"end":{"line":85,"column":7}},"30":{"start":{"line":76,"column":6},"end":{"line":76,"column":15}},"31":{"start":{"line":77,"column":6},"end":{"line":83,"column":7}},"32":{"start":{"line":78,"column":8},"end":{"line":78,"column":61}},"33":{"start":{"line":82,"column":8},"end":{"line":82,"column":20}},"34":{"start":{"line":84,"column":6},"end":{"line":84,"column":39}},"35":{"start":{"line":87,"column":4},"end":{"line":97,"column":7}},"36":{"start":{"line":88,"column":6},"end":{"line":88,"column":13}},"37":{"start":{"line":89,"column":6},"end":{"line":95,"column":7}},"38":{"start":{"line":90,"column":8},"end":{"line":90,"column":59}},"39":{"start":{"line":94,"column":8},"end":{"line":94,"column":18}},"40":{"start":{"line":96,"column":6},"end":{"line":96,"column":46}},"41":{"start":{"line":114,"column":0},"end":{"line":123,"column":2}},"42":{"start":{"line":115,"column":2},"end":{"line":115,"column":14}},"43":{"start":{"line":117,"column":2},"end":{"line":121,"column":3}},"44":{"start":{"line":118,"column":4},"end":{"line":118,"column":42}},"45":{"start":{"line":120,"column":4},"end":{"line":120,"column":60}},"46":{"start":{"line":122,"column":2},"end":{"line":122,"column":17}},"47":{"start":{"line":125,"column":0},"end":{"line":127,"column":2}},"48":{"start":{"line":126,"column":2},"end":{"line":126,"column":46}},"49":{"start":{"line":136,"column":0},"end":{"line":141,"column":2}},"50":{"start":{"line":137,"column":2},"end":{"line":137,"column":56}},"51":{"start":{"line":138,"column":2},"end":{"line":140,"column":5}},"52":{"start":{"line":139,"column":4},"end":{"line":139,"column":41}},"53":{"start":{"line":152,"column":0},"end":{"line":231,"column":2}},"54":{"start":{"line":153,"column":2},"end":{"line":153,"column":18}},"55":{"start":{"line":154,"column":2},"end":{"line":154,"column":19}},"56":{"start":{"line":156,"column":2},"end":{"line":156,"column":24}},"57":{"start":{"line":158,"column":2},"end":{"line":160,"column":3}},"58":{"start":{"line":159,"column":4},"end":{"line":159,"column":27}},"59":{"start":{"line":162,"column":2},"end":{"line":228,"column":5}},"60":{"start":{"line":164,"column":4},"end":{"line":168,"column":6}},"61":{"start":{"line":170,"column":4},"end":{"line":173,"column":5}},"62":{"start":{"line":172,"column":6},"end":{"line":172,"column":42}},"63":{"start":{"line":175,"column":4},"end":{"line":212,"column":7}},"64":{"start":{"line":176,"column":6},"end":{"line":176,"column":22}},"65":{"start":{"line":177,"column":6},"end":{"line":177,"column":18}},"66":{"start":{"line":178,"column":6},"end":{"line":178,"column":15}},"67":{"start":{"line":182,"column":6},"end":{"line":182,"column":79}},"68":{"start":{"line":183,"column":6},"end":{"line":183,"column":26}},"69":{"start":{"line":184,"column":6},"end":{"line":184,"column":54}},"70":{"start":{"line":185,"column":6},"end":{"line":185,"column":74}},"71":{"start":{"line":186,"column":6},"end":{"line":186,"column":44}},"72":{"start":{"line":188,"column":6},"end":{"line":188,"column":56}},"73":{"start":{"line":189,"column":6},"end":{"line":207,"column":7}},"74":{"start":{"line":190,"column":8},"end":{"line":190,"column":36}},"75":{"start":{"line":191,"column":8},"end":{"line":191,"column":31}},"76":{"start":{"line":192,"column":8},"end":{"line":200,"column":11}},"77":{"start":{"line":193,"column":10},"end":{"line":193,"column":32}},"78":{"start":{"line":194,"column":10},"end":{"line":199,"column":11}},"79":{"start":{"line":195,"column":12},"end":{"line":195,"column":48}},"80":{"start":{"line":196,"column":12},"end":{"line":196,"column":46}},"81":{"start":{"line":197,"column":17},"end":{"line":199,"column":11}},"82":{"start":{"line":198,"column":12},"end":{"line":198,"column":206}},"83":{"start":{"line":202,"column":8},"end":{"line":204,"column":9}},"84":{"start":{"line":203,"column":10},"end":{"line":203,"column":96}},"85":{"start":{"line":206,"column":8},"end":{"line":206,"column":94}},"86":{"start":{"line":208,"column":6},"end":{"line":208,"column":37}},"87":{"start":{"line":209,"column":6},"end":{"line":209,"column":41}},"88":{"start":{"line":210,"column":6},"end":{"line":210,"column":28}},"89":{"start":{"line":211,"column":6},"end":{"line":211,"column":29}},"90":{"start":{"line":214,"column":4},"end":{"line":214,"column":40}},"91":{"start":{"line":215,"column":4},"end":{"line":217,"column":5}},"92":{"start":{"line":216,"column":6},"end":{"line":216,"column":42}},"93":{"start":{"line":218,"column":4},"end":{"line":218,"column":32}},"94":{"start":{"line":220,"column":4},"end":{"line":227,"column":5}},"95":{"start":{"line":221,"column":6},"end":{"line":226,"column":9}},"96":{"start":{"line":222,"column":8},"end":{"line":222,"column":48}},"97":{"start":{"line":223,"column":8},"end":{"line":223,"column":42}},"98":{"start":{"line":224,"column":8},"end":{"line":224,"column":85}},"99":{"start":{"line":225,"column":8},"end":{"line":225,"column":31}},"100":{"start":{"line":230,"column":2},"end":{"line":230,"column":16}}},"branchMap":{"1":{"line":14,"type":"if","locations":[{"start":{"line":14,"column":2},"end":{"line":14,"column":2}},{"start":{"line":14,"column":2},"end":{"line":14,"column":2}}]},"2":{"line":14,"type":"binary-expr","locations":[{"start":{"line":14,"column":6},"end":{"line":14,"column":19}},{"start":{"line":14,"column":23},"end":{"line":14,"column":32}}]},"3":{"line":17,"type":"if","locations":[{"start":{"line":17,"column":6},"end":{"line":17,"column":6}},{"start":{"line":17,"column":6},"end":{"line":17,"column":6}}]},"4":{"line":22,"type":"if","locations":[{"start":{"line":22,"column":4},"end":{"line":22,"column":4}},{"start":{"line":22,"column":4},"end":{"line":22,"column":4}}]},"5":{"line":25,"type":"if","locations":[{"start":{"line":25,"column":9},"end":{"line":25,"column":9}},{"start":{"line":25,"column":9},"end":{"line":25,"column":9}}]},"6":{"line":77,"type":"if","locations":[{"start":{"line":77,"column":6},"end":{"line":77,"column":6}},{"start":{"line":77,"column":6},"end":{"line":77,"column":6}}]},"7":{"line":89,"type":"if","locations":[{"start":{"line":89,"column":6},"end":{"line":89,"column":6}},{"start":{"line":89,"column":6},"end":{"line":89,"column":6}}]},"8":{"line":117,"type":"if","locations":[{"start":{"line":117,"column":2},"end":{"line":117,"column":2}},{"start":{"line":117,"column":2},"end":{"line":117,"column":2}}]},"9":{"line":118,"type":"binary-expr","locations":[{"start":{"line":118,"column":14},"end":{"line":118,"column":35}},{"start":{"line":118,"column":39},"end":{"line":118,"column":41}}]},"10":{"line":126,"type":"binary-expr","locations":[{"start":{"line":126,"column":9},"end":{"line":126,"column":39}},{"start":{"line":126,"column":43},"end":{"line":126,"column":45}}]},"11":{"line":156,"type":"binary-expr","locations":[{"start":{"line":156,"column":11},"end":{"line":156,"column":17}},{"start":{"line":156,"column":21},"end":{"line":156,"column":23}}]},"12":{"line":158,"type":"if","locations":[{"start":{"line":158,"column":2},"end":{"line":158,"column":2}},{"start":{"line":158,"column":2},"end":{"line":158,"column":2}}]},"13":{"line":165,"type":"binary-expr","locations":[{"start":{"line":165,"column":13},"end":{"line":165,"column":22}},{"start":{"line":165,"column":26},"end":{"line":165,"column":45}}]},"14":{"line":170,"type":"if","locations":[{"start":{"line":170,"column":4},"end":{"line":170,"column":4}},{"start":{"line":170,"column":4},"end":{"line":170,"column":4}}]},"15":{"line":182,"type":"cond-expr","locations":[{"start":{"line":182,"column":30},"end":{"line":182,"column":39}},{"start":{"line":182,"column":42},"end":{"line":182,"column":78}}]},"16":{"line":184,"type":"binary-expr","locations":[{"start":{"line":184,"column":28},"end":{"line":184,"column":47}},{"start":{"line":184,"column":51},"end":{"line":184,"column":53}}]},"17":{"line":185,"type":"binary-expr","locations":[{"start":{"line":185,"column":38},"end":{"line":185,"column":67}},{"start":{"line":185,"column":71},"end":{"line":185,"column":73}}]},"18":{"line":189,"type":"if","locations":[{"start":{"line":189,"column":6},"end":{"line":189,"column":6}},{"start":{"line":189,"column":6},"end":{"line":189,"column":6}}]},"19":{"line":194,"type":"if","locations":[{"start":{"line":194,"column":10},"end":{"line":194,"column":10}},{"start":{"line":194,"column":10},"end":{"line":194,"column":10}}]},"20":{"line":197,"type":"if","locations":[{"start":{"line":197,"column":17},"end":{"line":197,"column":17}},{"start":{"line":197,"column":17},"end":{"line":197,"column":17}}]},"21":{"line":202,"type":"if","locations":[{"start":{"line":202,"column":8},"end":{"line":202,"column":8}},{"start":{"line":202,"column":8},"end":{"line":202,"column":8}}]},"22":{"line":215,"type":"if","locations":[{"start":{"line":215,"column":4},"end":{"line":215,"column":4}},{"start":{"line":215,"column":4},"end":{"line":215,"column":4}}]},"23":{"line":220,"type":"if","locations":[{"start":{"line":220,"column":4},"end":{"line":220,"column":4}},{"start":{"line":220,"column":4},"end":{"line":220,"column":4}}]},"24":{"line":222,"type":"binary-expr","locations":[{"start":{"line":222,"column":26},"end":{"line":222,"column":41}},{"start":{"line":222,"column":45},"end":{"line":222,"column":47}}]}},"code":["'use strict';","var path = require('path');","var File = require('./file');","var _ = require('lodash');","","var deepMerge = function (origCfg, cfg) {","  var outCfg = origCfg;","","  // If the newly generated part is already in the config file","  // with the same destination update only the source part, instead of add the whole block again.","  // This way the same targets wont be regenerated multiple times if usemin is called","  // multiple times which can happen with grunt-watcher spawn:false mode (#307)","","  if (origCfg.files && cfg.files) {","    var done = false;","    for (var i = 0; i < origCfg.files.length; i++) {","      if (outCfg.files[i].dest === cfg.files[0].dest) {","        outCfg.files[i].src = cfg.files[0].src;","        done = true;","      }","    }","    if (!done) {","      outCfg.files = _.union(origCfg.files, cfg.files);","    }","  } else if (cfg.files) {","    outCfg.files = cfg.files;","  }","","  return outCfg;","};","","//","// Create a config writer for the furnished flow.","// The created config will:","//  - use staging directory for intermediate created files","//  - output the final files under the dest directory.","//","// flow is an array of strings that contains name of each steps, in order.","// Each of the steps is corresponding to a processor that will be used on the files","// enclosed in blocks (for example, concat, uglify).","// Note that a corresponding file implementing a dedicated writer needs to be present","// under the same name, in config directory.","//","// Additional configurations post-processors can be also given.","// These post-processors are updating additional configuration based on the output of the flow.","//","// For example:","//","//   var w = new ConfigWriter( ['concat', 'uglify'], [], {input: 'app', staging: '.tmp', dest: 'dist'});","//","//   We'll:","//     - have files config/concat.js and config/uglify.js implementing each config writer","//     - Use .tmp for the output of concat and input of uglify","//     - Deliver for each block the requested file under dist directory","//","//","var ConfigWriter = module.exports = function (flow, dirs) {","  var self = this;","  this.flow = flow;","  // FIXME: check dest and staging are furnished","  this.root = dirs.root;","  this.dest = dirs.dest;","  this.staging = dirs.staging;","  this.steps = {};","  this.postprocessors = [];","  this.destinations = {};","","  // We need to create all the needed config writers, given them their output directory","  // E.g, if we do have the flow concat | uglify, the output dir will be .tmp/concat and dist","  // if the flow is concat | uglify | foo, the dirs will be .tmp/concat, .tmp/uglify, dist","  flow.blockTypes().forEach(function (blockType) {","    self.steps[blockType] = [];","    self.postprocessors[blockType] = [];","","    flow.steps(blockType).forEach(function (item) {","      var step;","      if (_.isString(item)) {","        step = require(path.join(__dirname, 'config', item));","      } else {","        // Assume this is a user furnished step","        // FIXME: Add checks on object attributes","        step = item;","      }","      self.steps[blockType].push(step);","    });","","    flow.post(blockType).forEach(function (item) {","      var pp;","      if (_.isString(item)) {","        pp = require(path.join(__dirname, 'config', item));","      } else {","        // Assume this is a user furnished post-processor","        // FIXME: Add checks on object attributes","        pp = item;","      }","      self.postprocessors[blockType].push(pp);","    });","","  });","","  // postprocessorsList.forEach(function (item) {","  //   var pp;","  //   if (_.isString(item)) {","  //     pp = require(path.join(__dirname, 'config', item));","  //   } else {","  //     // Assume this is a user furnished post-processor","  //     // FIXME: Add checks on object attributes","  //     pp = item;","  //   }","  //   self.postprocessors.push(pp);","  // });","};","","ConfigWriter.prototype.stepWriters = function (blockType) {","  var writers;","","  if (blockType) {","    writers = this.steps[blockType] || [];","  } else {","    writers = _.uniq(_.flatten(_.values(this.steps), true)); // Only 1 level","  }","  return writers;","};","","ConfigWriter.prototype.postWriters = function (blockType) {","  return this.postprocessors[blockType] || [];","};","","","//","// Iterate over steps for the furnished block type.","// The callback is called with the following parameters:","//  - step : the step by itself","//  - last : boolean indicating if this is the last writer of the pipe","//","ConfigWriter.prototype.forEachStep = function (blockType, cb) {","  var writersCount = this.stepWriters(blockType).length;","  this.stepWriters(blockType).forEach(function (step, index) {","    cb(step, index === writersCount - 1);","  });","};","","//","// Process the blocks of the furnished file. This means:","//  + have each block go through the flow of processors","//  + update dependent configuration based on the output of the flow","// and update the furnished config","//","// If file is a string it will be considered as the filepath,","// otherwise it should be an object that conforms to File (in lib/file.js) API","//","ConfigWriter.prototype.process = function (file, config) {","  var self = this;","  var lfile = file;","","  config = config || {};","","  if (_.isString(file)) {","    lfile = new File(file);","  }","","  lfile.blocks.forEach(function (block) {","    // FIXME: support several searchPath...","    var context = {","      inDir: self.root || lfile.searchPath[0],","      inFiles: block.src,","      outFiles: []","    };","","    if (block.searchPath.length > 0) {","      // FIXME: we must use all the furnished directories","      context.inDir = block.searchPath[0];","    }","","    self.forEachStep(block.type, function (writer, last) {","      var blockConfig;","      var fileSet;","      var dest;","","      // If this is the last writer of the pipe, we need to output","      // in the destination directory","      context.outDir = last ? self.dest : path.join(self.staging, writer.name);","      context.last = last;","      config[writer.name] = config[writer.name] || {};","      config[writer.name].generated = config[writer.name].generated || {};","      context.options = config[writer.name];","      // config[writer.name].generated = _.extend(config[writer.name].generated, writer.createConfig(context, block));","      blockConfig = writer.createConfig(context, block);","      if (blockConfig.files) {","        fileSet = blockConfig.files;","        blockConfig.files = [];","        fileSet.forEach(function (filesInfo) {","          dest = filesInfo.dest;","          if (!self.destinations[dest]) {","            self.destinations[dest] = filesInfo;","            blockConfig.files.push(filesInfo);","          } else if (!_.isEqual(self.destinations[dest], filesInfo)) {","            throw new Error('Different sources attempting to write to the same destination:\\n ' + JSON.stringify(self.destinations[dest], null, '    ') + '\\n  ' + JSON.stringify(blockConfig, null, '    '));","          }","        });","","        if (blockConfig.files.length) {","          config[writer.name].generated = deepMerge(config[writer.name].generated, blockConfig);","        }","      } else {","        config[writer.name].generated = deepMerge(config[writer.name].generated, blockConfig);","      }","      context.inDir = context.outDir;","      context.inFiles = context.outFiles;","      context.outFiles = [];","      context.options = null;","    });","","    context.inDir = lfile.searchPath[0];","    if (block.searchPath.length > 0) {","      context.inDir = block.searchPath[0];","    }","    context.inFiles = block.src;","","    if (self.postprocessors.hasOwnProperty(block.type)) {","      self.postprocessors[block.type].forEach(function (pp) {","        config[pp.name] = config[pp.name] || {};","        context.options = config[pp.name];","        config[pp.name] = _.extend(config[pp.name], pp.createConfig(context, block));","        context.options = null;","      });","    }","  });","","  return config;","};",""],"l":{"2":1,"3":1,"4":1,"6":1,"7":0,"14":0,"15":0,"16":0,"17":0,"18":0,"19":0,"22":0,"23":0,"25":0,"26":0,"29":0,"57":1,"58":0,"59":0,"61":0,"62":0,"63":0,"64":0,"65":0,"66":0,"71":0,"72":0,"73":0,"75":0,"76":0,"77":0,"78":0,"82":0,"84":0,"87":0,"88":0,"89":0,"90":0,"94":0,"96":0,"114":1,"115":0,"117":0,"118":0,"120":0,"122":0,"125":1,"126":0,"136":1,"137":0,"138":0,"139":0,"152":1,"153":0,"154":0,"156":0,"158":0,"159":0,"162":0,"164":0,"170":0,"172":0,"175":0,"176":0,"177":0,"178":0,"182":0,"183":0,"184":0,"185":0,"186":0,"188":0,"189":0,"190":0,"191":0,"192":0,"193":0,"194":0,"195":0,"196":0,"197":0,"198":0,"202":0,"203":0,"206":0,"208":0,"209":0,"210":0,"211":0,"214":0,"215":0,"216":0,"218":0,"220":0,"221":0,"222":0,"223":0,"224":0,"225":0,"230":0}},"/home/travis/build/npmtest/node-npmtest-grunt-usemin/node_modules/grunt-usemin/lib/file.js":{"path":"/home/travis/build/npmtest/node-npmtest-grunt-usemin/node_modules/grunt-usemin/lib/file.js","s":{"1":1,"2":1,"3":1,"4":0,"5":0,"6":0,"7":0,"8":0,"9":0,"10":0,"11":0,"12":0,"13":0,"14":0,"15":0,"16":0,"17":0,"18":0,"19":0,"20":0,"21":0,"22":0,"23":0,"24":0,"25":0,"26":0,"27":0,"28":0,"29":0,"30":0,"31":0,"32":0,"33":0,"34":0,"35":0,"36":0,"37":0,"38":0,"39":0,"40":0,"41":0,"42":0,"43":0,"44":0,"45":0,"46":0,"47":0,"48":0,"49":0,"50":0,"51":0,"52":0,"53":0,"54":1,"55":0,"56":0,"57":0,"58":0,"59":0},"b":{"1":[0,0],"2":[0,0],"3":[0,0],"4":[0,0],"5":[0,0],"6":[0,0],"7":[0,0],"8":[0,0],"9":[0,0],"10":[0,0],"11":[0,0],"12":[0,0],"13":[0,0],"14":[0,0],"15":[0,0],"16":[0,0,0,0],"17":[0,0],"18":[0,0],"19":[0,0,0,0],"20":[0,0],"21":[0,0]},"f":{"1":0,"2":0,"3":0},"fnMap":{"1":{"name":"(anonymous_1)","line":36,"loc":{"start":{"line":36,"column":16},"end":{"line":36,"column":35}}},"2":{"name":"(anonymous_2)","line":55,"loc":{"start":{"line":55,"column":16},"end":{"line":55,"column":29}}},"3":{"name":"(anonymous_3)","line":151,"loc":{"start":{"line":151,"column":17},"end":{"line":151,"column":37}}}},"statementMap":{"1":{"start":{"line":2,"column":0},"end":{"line":2,"column":27}},"2":{"start":{"line":3,"column":0},"end":{"line":3,"column":23}},"3":{"start":{"line":36,"column":0},"end":{"line":148,"column":2}},"4":{"start":{"line":46,"column":2},"end":{"line":46,"column":72}},"5":{"start":{"line":48,"column":2},"end":{"line":48,"column":39}},"6":{"start":{"line":50,"column":2},"end":{"line":50,"column":57}},"7":{"start":{"line":51,"column":2},"end":{"line":51,"column":20}},"8":{"start":{"line":52,"column":2},"end":{"line":52,"column":20}},"9":{"start":{"line":53,"column":2},"end":{"line":53,"column":11}},"10":{"start":{"line":55,"column":2},"end":{"line":145,"column":5}},"11":{"start":{"line":56,"column":4},"end":{"line":56,"column":44}},"12":{"start":{"line":57,"column":4},"end":{"line":57,"column":34}},"13":{"start":{"line":58,"column":4},"end":{"line":58,"column":34}},"14":{"start":{"line":59,"column":4},"end":{"line":59,"column":30}},"15":{"start":{"line":62,"column":4},"end":{"line":83,"column":5}},"16":{"start":{"line":63,"column":6},"end":{"line":63,"column":19}},"17":{"start":{"line":69,"column":6},"end":{"line":77,"column":8}},"18":{"start":{"line":79,"column":6},"end":{"line":82,"column":7}},"19":{"start":{"line":81,"column":8},"end":{"line":81,"column":39}},"20":{"start":{"line":85,"column":4},"end":{"line":85,"column":72}},"21":{"start":{"line":86,"column":4},"end":{"line":86,"column":66}},"22":{"start":{"line":87,"column":4},"end":{"line":89,"column":5}},"23":{"start":{"line":88,"column":6},"end":{"line":88,"column":49}},"24":{"start":{"line":90,"column":4},"end":{"line":92,"column":5}},"25":{"start":{"line":91,"column":6},"end":{"line":91,"column":45}},"26":{"start":{"line":95,"column":4},"end":{"line":99,"column":5}},"27":{"start":{"line":96,"column":6},"end":{"line":96,"column":23}},"28":{"start":{"line":97,"column":6},"end":{"line":97,"column":26}},"29":{"start":{"line":98,"column":6},"end":{"line":98,"column":20}},"30":{"start":{"line":101,"column":4},"end":{"line":144,"column":5}},"31":{"start":{"line":102,"column":6},"end":{"line":102,"column":57}},"32":{"start":{"line":103,"column":6},"end":{"line":142,"column":7}},"33":{"start":{"line":104,"column":8},"end":{"line":104,"column":32}},"34":{"start":{"line":106,"column":8},"end":{"line":106,"column":54}},"35":{"start":{"line":108,"column":8},"end":{"line":110,"column":9}},"36":{"start":{"line":109,"column":10},"end":{"line":109,"column":32}},"37":{"start":{"line":113,"column":8},"end":{"line":113,"column":37}},"38":{"start":{"line":114,"column":8},"end":{"line":120,"column":9}},"39":{"start":{"line":115,"column":10},"end":{"line":115,"column":112}},"40":{"start":{"line":116,"column":15},"end":{"line":120,"column":9}},"41":{"start":{"line":117,"column":10},"end":{"line":117,"column":28}},"42":{"start":{"line":119,"column":10},"end":{"line":119,"column":29}},"43":{"start":{"line":123,"column":8},"end":{"line":123,"column":37}},"44":{"start":{"line":124,"column":8},"end":{"line":130,"column":9}},"45":{"start":{"line":125,"column":10},"end":{"line":125,"column":110}},"46":{"start":{"line":126,"column":15},"end":{"line":130,"column":9}},"47":{"start":{"line":127,"column":10},"end":{"line":127,"column":28}},"48":{"start":{"line":129,"column":10},"end":{"line":129,"column":29}},"49":{"start":{"line":138,"column":8},"end":{"line":138,"column":57}},"50":{"start":{"line":139,"column":8},"end":{"line":141,"column":9}},"51":{"start":{"line":140,"column":10},"end":{"line":140,"column":70}},"52":{"start":{"line":143,"column":6},"end":{"line":143,"column":23}},"53":{"start":{"line":147,"column":2},"end":{"line":147,"column":18}},"54":{"start":{"line":151,"column":0},"end":{"line":161,"column":2}},"55":{"start":{"line":152,"column":2},"end":{"line":152,"column":36}},"56":{"start":{"line":153,"column":2},"end":{"line":153,"column":38}},"57":{"start":{"line":156,"column":2},"end":{"line":156,"column":31}},"58":{"start":{"line":157,"column":2},"end":{"line":157,"column":54}},"59":{"start":{"line":160,"column":2},"end":{"line":160,"column":40}}},"branchMap":{"1":{"line":56,"type":"binary-expr","locations":[{"start":{"line":56,"column":18},"end":{"line":56,"column":33}},{"start":{"line":56,"column":37},"end":{"line":56,"column":39}}]},"2":{"line":62,"type":"if","locations":[{"start":{"line":62,"column":4},"end":{"line":62,"column":4}},{"start":{"line":62,"column":4},"end":{"line":62,"column":4}}]},"3":{"line":79,"type":"if","locations":[{"start":{"line":79,"column":6},"end":{"line":79,"column":6}},{"start":{"line":79,"column":6},"end":{"line":79,"column":6}}]},"4":{"line":87,"type":"if","locations":[{"start":{"line":87,"column":4},"end":{"line":87,"column":4}},{"start":{"line":87,"column":4},"end":{"line":87,"column":4}}]},"5":{"line":87,"type":"binary-expr","locations":[{"start":{"line":87,"column":8},"end":{"line":87,"column":13}},{"start":{"line":87,"column":17},"end":{"line":87,"column":35}}]},"6":{"line":90,"type":"if","locations":[{"start":{"line":90,"column":4},"end":{"line":90,"column":4}},{"start":{"line":90,"column":4},"end":{"line":90,"column":4}}]},"7":{"line":90,"type":"binary-expr","locations":[{"start":{"line":90,"column":8},"end":{"line":90,"column":13}},{"start":{"line":90,"column":17},"end":{"line":90,"column":33}}]},"8":{"line":95,"type":"if","locations":[{"start":{"line":95,"column":4},"end":{"line":95,"column":4}},{"start":{"line":95,"column":4},"end":{"line":95,"column":4}}]},"9":{"line":95,"type":"binary-expr","locations":[{"start":{"line":95,"column":8},"end":{"line":95,"column":13}},{"start":{"line":95,"column":17},"end":{"line":95,"column":25}}]},"10":{"line":101,"type":"if","locations":[{"start":{"line":101,"column":4},"end":{"line":101,"column":4}},{"start":{"line":101,"column":4},"end":{"line":101,"column":4}}]},"11":{"line":101,"type":"binary-expr","locations":[{"start":{"line":101,"column":8},"end":{"line":101,"column":13}},{"start":{"line":101,"column":17},"end":{"line":101,"column":21}}]},"12":{"line":103,"type":"if","locations":[{"start":{"line":103,"column":6},"end":{"line":103,"column":6}},{"start":{"line":103,"column":6},"end":{"line":103,"column":6}}]},"13":{"line":103,"type":"binary-expr","locations":[{"start":{"line":103,"column":10},"end":{"line":103,"column":15}},{"start":{"line":103,"column":19},"end":{"line":103,"column":27}}]},"14":{"line":108,"type":"if","locations":[{"start":{"line":108,"column":8},"end":{"line":108,"column":8}},{"start":{"line":108,"column":8},"end":{"line":108,"column":8}}]},"15":{"line":114,"type":"if","locations":[{"start":{"line":114,"column":8},"end":{"line":114,"column":8}},{"start":{"
[...]
;","","  // do not touch external files or the root","  // FIXME: Should get only relative files","  if (ofile.match(/:\\/\\//) || ofile === '') {","    return ofile;","  }","","  if (file[0] === '/') {","    // We need to remember this is an absolute file, but transform it","    // to a relative one","    absolute = true;","    file = file.replace(/^(\\/+)/, function (match, header) {","      prefix = header;","      return '';","    });","  }","","  var filepaths = this.getRevvedCandidates(file, searchPaths);","","  var filepath = filepaths[0];","  debug('filepath is now ', filepath);","","  // not a file in temp, skip it","  if (!filepath) {","    return ofile;","  }","","  // var filename = path.basename(filepath);","  // handle the relative prefix (with always unix like path even on win32)","  // if (dirname !== '.') {","  //   filename = [dirname, filename].join('/');","  // }","","  if (absolute) {","    filepath = prefix + filepath;","  }","","  debug('Let\\'s return %s', filepath);","  return filepath;","};",""],"l":{"2":1,"3":1,"4":1,"12":1,"13":0,"14":0,"15":0,"17":0,"18":0,"22":1,"23":0,"26":1,"27":0,"28":0,"29":0,"30":0,"32":0,"33":0,"34":0,"36":0,"42":0,"43":0,"44":0,"48":0,"51":1,"52":0,"53":0,"54":0,"55":0,"56":0,"57":0,"58":0,"59":0,"60":0,"62":0,"63":0,"64":0,"66":0,"69":0,"72":0,"74":0,"76":0,"79":0,"80":0,"85":0,"86":0,"87":0,"90":0,"91":0,"93":0,"94":0,"99":0,"109":1,"110":0,"117":0,"118":0,"119":0,"121":0,"122":0,"125":0,"155":1,"156":0,"157":0,"158":0,"159":0,"161":0,"162":0,"165":0,"169":0,"170":0,"173":0,"176":0,"177":0,"178":0,"179":0,"183":0,"185":0,"186":0,"189":0,"190":0,"199":0,"200":0,"203":0,"204":0}},"/home/travis/build/npmtest/node-npmtest-grunt-usemin/node_modules/grunt-usemin/tasks/usemin.js":{"path":"/home/travis/build/npmtest/node-npmtest-grunt-usemin/node_modules/grunt-usemin/tasks/usemin.js","s":{"1":1,"2":1,"3":1,"4":0,"5":0,"6":0,"7":0,"8":0,"9":0,"10":0,"11":0,"12":0,"13":1,"14":0,"15":0,"16":0,"17":0,"18":0,"19":0,"20":0,"21":0,"22":1,"23":0,"24":0,"25":0,"26":0,"27":0,"28":0,"29":0,"30":0,"31":0,"32":0,"33":0,"34":0,"35":0,"36":0,"37":0,"38":0,"39":0,"40":0,"41":0,"42":0,"43":0,"44":0,"45":0,"46":0,"47":0,"48":0,"49":0,"50":0,"51":0,"52":0,"53":0,"54":0,"55":0,"56":0,"57":0,"58":0,"59":0,"60":0,"61":0,"62":0,"63":0,"64":0,"65":0,"66":0,"67":0,"68":0,"69":0,"70":0,"71":0,"72":0,"73":0,"74":0,"75":0,"76":0},"b":{"1":[0,0],"2":[0,0],"3":[0,0],"4":[0,0],"5":[0,0],"6":[0,0],"7":[0,0],"8":[0,0],"9":[0,0],"10":[0,0],"11":[0,0],"12":[0,0],"13":[0,0],"14":[0,0]},"f":{"1":0,"2":0,"3":0,"4":0,"5":0,"6":0,"7":0,"8":0,"9":0,"10":0,"11":0,"12":0,"13":0,"14":0,"15":0},"fnMap":{"1":{"name":"(anonymous_1)","line":9,"loc":{"start":{"line":9,"column":24},"end":{"line":9,"column":50}}},"2":{"name":"(anonymous_2)","line":37,"loc":{"start":{"line":37,"column":17},"end":{"line":37,"column":43}}},"3":{"name":"(anonymous_3)","line":44,"loc":{"start":{"line":44,"column":14},"end":{"line":44,"column":27}}},"4":{"name":"(anonymous_4)","line":100,"loc":{"start":{"line":100,"column":17},"end":{"line":100,"column":34}}},"5":{"name":"(anonymous_5)","line":106,"loc":{"start":{"line":106,"column":97},"end":{"line":106,"column":109}}},"6":{"name":"(anonymous_6)","line":126,"loc":{"start":{"line":126,"column":66},"end":{"line":126,"column":81}}},"7":{"name":"(anonymous_7)","line":130,"loc":{"start":{"line":130,"column":23},"end":{"line":130,"column":42}}},"8":{"name":"(anonymous_8)","line":135,"loc":{"start":{"line":135,"column":20},"end":{"line":135,"column":40}}},"9":{"name":"(anonymous_9)","line":154,"loc":{"start":{"line":154,"column":101},"end":{"line":154,"column":113}}},"10":{"name":"(anonymous_10)","line":174,"loc":{"start":{"line":174,"column":28},"end":{"line":174,"column":41}}},"11":{"name":"(anonymous_11)","line":177,"loc":{"start":{"line":177,"column":28},"end":{"line":177,"column":41}}},"12":{"name":"(anonymous_12)","line":181,"loc":{"start":{"line":181,"column":24},"end":{"line":181,"column":40}}},"13":{"name":"(anonymous_13)","line":185,"loc":{"start":{"line":185,"column":26},"end":{"line":185,"column":46}}},"14":{"name":"(anonymous_14)","line":193,"loc":{"start":{"line":193,"column":26},"end":{"line":193,"column":42}}},"15":{"name":"(anonymous_15)","line":202,"loc":{"start":{"line":202,"column":24},"end":{"line":202,"column":40}}}},"statementMap":{"1":{"start":{"line":2,"column":0},"end":{"line":2,"column":27}},"2":{"start":{"line":3,"column":0},"end":{"line":3,"column":29}},"3":{"start":{"line":9,"column":0},"end":{"line":28,"column":2}},"4":{"start":{"line":10,"column":2},"end":{"line":10,"column":36}},"5":{"start":{"line":11,"column":2},"end":{"line":17,"column":5}},"6":{"start":{"line":18,"column":2},"end":{"line":26,"column":3}},"7":{"start":{"line":19,"column":4},"end":{"line":25,"column":5}},"8":{"start":{"line":20,"column":6},"end":{"line":20,"column":55}},"9":{"start":{"line":21,"column":6},"end":{"line":21,"column":53}},"10":{"start":{"line":23,"column":6},"end":{"line":23,"column":47}},"11":{"start":{"line":24,"column":6},"end":{"line":24,"column":45}},"12":{"start":{"line":27,"column":2},"end":{"line":27,"column":14}},"13":{"start":{"line":37,"column":0},"end":{"line":51,"column":2}},"14":{"start":{"line":38,"column":2},"end":{"line":38,"column":14}},"15":{"start":{"line":39,"column":2},"end":{"line":49,"column":3}},"16":{"start":{"line":40,"column":4},"end":{"line":40,"column":50}},"17":{"start":{"line":41,"column":9},"end":{"line":49,"column":3}},"18":{"start":{"line":42,"column":4},"end":{"line":42,"column":36}},"19":{"start":{"line":44,"column":4},"end":{"line":48,"column":6}},"20":{"start":{"line":45,"column":6},"end":{"line":47,"column":12}},"21":{"start":{"line":50,"column":2},"end":{"line":50,"column":17}},"22":{"start":{"line":100,"column":0},"end":{"line":210,"column":2}},"23":{"start":{"line":101,"column":2},"end":{"line":101,"column":54}},"24":{"start":{"line":102,"column":2},"end":{"line":102,"column":52}},"25":{"start":{"line":103,"column":2},"end":{"line":103,"column":52}},"26":{"start":{"line":104,"column":2},"end":{"line":104,"column":28}},"27":{"start":{"line":106,"column":2},"end":{"line":152,"column":5}},"28":{"start":{"line":107,"column":4},"end":{"line":107,"column":50}},"29":{"start":{"line":108,"column":4},"end":{"line":110,"column":7}},"30":{"start":{"line":111,"column":4},"end":{"line":111,"column":60}},"31":{"start":{"line":113,"column":4},"end":{"line":113,"column":47}},"32":{"start":{"line":114,"column":4},"end":{"line":114,"column":22}},"33":{"start":{"line":115,"column":4},"end":{"line":115,"column":27}},"34":{"start":{"line":118,"column":4},"end":{"line":121,"column":5}},"35":{"start":{"line":119,"column":6},"end":{"line":119,"column":64}},"36":{"start":{"line":120,"column":6},"end":{"line":120,"column":47}},"37":{"start":{"line":124,"column":4},"end":{"line":124,"column":45}},"38":{"start":{"line":125,"column":4},"end":{"line":125,"column":49}},"39":{"start":{"line":126,"column":4},"end":{"line":128,"column":26}},"40":{"start":{"line":127,"column":6},"end":{"line":127,"column":33}},"41":{"start":{"line":130,"column":4},"end":{"line":151,"column":7}},"42":{"start":{"line":131,"column":6},"end":{"line":134,"column":22}},"43":{"start":{"line":135,"column":6},"end":{"line":146,"column":9}},"44":{"start":{"line":136,"column":8},"end":{"line":136,"column":46}},"45":{"start":{"line":138,"column":8},"end":{"line":138,"column":120}},"46":{"start":{"line":141,"column":8},"end":{"line":141,"column":68}},"47":{"start":{"line":144,"column":8},"end":{"line":144,"column":44}},"48":{"start":{"line":148,"column":6},"end":{"line":150,"column":8}},"49":{"start":{"line":154,"column":2},"end":{"line":209,"column":5}},"50":{"start":{"line":155,"column":4},"end":{"line":155,"column":33}},"51":{"start":{"line":157,"column":4},"end":{"line":157,"column":38}},"52":{"start":{"line":158,"column":4},"end":{"line":158,"column":44}},"53":{"start":{"line":159,"column":4},"end":{"line":159,"column":28}},"54":{"start":{"line":161,"column":4},"end":{"line":163,"column":63}},"55":{"start":{"line":165,"column":4},"end":{"line":165,"column":77}},"56":{"start":{"line":167,"column":4},"end":{"line":171,"column":7}},"57":{"start":{"line":173,"column":4},"end":{"line":173,"column":22}},"58":{"start":{"line":174,"column":4},"end":{"line":176,"column":7}},"59":{"start":{"line":175,"column":6},"end":{"line":175,"column":28}},"60":{"start":{"line":177,"column":4},"end":{"line":179,"column":7}},"61":{"start":{"line":178,"column":6},"end":{"line":178,"column":28}},"62":{"start":{"line":180,"column":4},"end":{"line":180,"column":25}},"63":{"start":{"line":181,"column":4},"end":{"line":183,"column":7}},"64":{"start":{"line":182,"column":6},"end":{"line":182,"column":51}},"65":{"start":{"line":185,"column":4},"end":{"line":198,"column":7}},"66":{"start":{"line":186,"column":6},"end":{"line":186,"column":17}},"67":{"start":{"line":187,"column":6},"end":{"line":191,"column":7}},"68":{"start":{"line":188,"column":8},"end":{"line":188,"column":53}},"69":{"start":{"line":190,"column":8},"end":{"line":190,"column":27}},"70":{"start":{"line":193,"column":6},"end":{"line":196,"column":9}},"71":{"start":{"line":194,"column":8},"end":{"line":194,"column":53}},"72":{"start":{"line":195,"column":8},"end":{"line":195,"column":70}},"73":{"start":{"line":201,"column":4},"end":{"line":201,"column":51}},"74":{"start":{"line":202,"column":4},"end":{"line":205,"column":7}},"75":{"start":{"line":203,"column":6},"end":{"line":204,"column":80}},"76":{"start":{"line":208,"column":4},"end":{"line":208,"column":88}}},"branchMap":{"1":{"line":18,"type":"if","locations":[{"start":{"line":18,"column":2},"end":{"line":18,"column":2}},{"start":{"line":18,"column":2},"end":{"line":18,"column":2}}]},"2":{"line":18,"type":"binary-expr","locations":[{"start":{"line":18,"column":6},"end":{"line":18,"column":20}},{"start":{"line":18,"column":24},"end":{"line":18,"column":43}}]},"3":{"line":19,"type":"if","locations":[{"start":{"line":19,"column":4},"end":{"line":19,"column":4}},{"start":{"line":19,"column":4},"end":{"line":19,"column":4}}]},"4":{"line":39,"type":"if","locations":[{"start":{"line":39,"column":2},"end":{"line":39,"column":2}},{"start":{"line":39,"column":2},"end":{"line":39,"column":2}}]},"5":{"line":41,"type":"if","locations":[{"start":{"line":41,"column":9},"end":{"line":41,"column":9}},{"start":{"line":41,"column":9},"end":{"line":41,"column":9}}]},"6":{"line":41,"type":"binary-expr","locations":[{"start":{"line":41,"column":13},"end":{"line":41,"column":26}},{"start":{"line":41,"column":30},"end":{"line":41,"column":51}}]},"7":{"line":111,"type":"binary-expr","locations":[{"start":{"line":111,"column":28},"end":{"line":111,"column":53}},{"start":{"line":111,"column":57},"end":{"line":111,"column":59}}]},"8":{"line":118,"type":"if","locations":[{"start":{"line":118,"column":4},"end":{"line":118,"column":4}},{"start":{"line":118,"column":4},"end":{"line":118,"column":4}}]},"9":{"line":118,"type":"binary-expr","locations":[{"start":{"line":118,"column":8},"end":{"line":118,"column":24}},{"start":{"line":118,"column":28},"end":{"line":118,"column":57}}]},"10":{"line":149,"type":"cond-expr","locations":[{"start":{"line":149,"column":30},"end":{"line":149,"column":41}},{"start":{"line":149,"column":44},"end":{"line":149,"column":56}}]},"11":{"line":157,"type":"binary-expr","locations":[{"start":{"line":157,"column":15},"end":{"line":157,"column":27}},{"start":{"line":157,"column":31},"end":{"line":157,"column":37}}]},"12":{"line":158,"type":"binary-expr","locations":[{"start":{"line":158,"column":18},"end":{"line":158,"column":33}},{"start":{"line":158,"column":37},"end":{"line":158,"column":43}}]},"13":{"line":182,"type":"binary-expr","locations":[{"start":{"line":182,"column":26},"end":{"line":182,"column":44}},{"start":{"line":182,"column":48},"end":{"line":182,"column":50}}]},"14":{"line":194,"type":"binary-expr","locations":[{"start":{"line":194,"column":28},"end":{"line":194,"column":46}},{"start":{"line":194,"column":50},"end":{"line":194,"column":52}}]}},"code":["'use strict';","var util = require('util');","var chalk = require('chalk');","","// Retrieve the flow config from the furnished configuration. It can be:","//  - a dedicated one for the furnished target","//  - a general one","//  - the default one","var getFlowFromConfig = function (config, target) {","  var Flow = require('../lib/flow');","  var flow = new Flow({","    steps: {","      js: ['concat', 'uglify'],","      css: ['concat', 'cssmin']","    },","    post: {}","  });","  if (config.options && config.options.flow) {","    if (config.options.flow[target]) {","      flow.setSteps(config.options.flow[target].steps);","      flow.setPost(config.options.flow[target].post);","    } else {","      flow.setSteps(config.options.flow.steps);","      flow.setPost(config.options.flow.post);","    }","  }","  return flow;","};","","//","// Return which locator to use to get the revisioned version (revved) of the files, with, by order of","// preference:","// - a map object passed in option (revmap)","// - a map object produced by grunt-filerev if available","// - a disk lookup","//","var getLocator = function (grunt, options) {","  var locator;","  if (options.revmap) {","    locator = grunt.file.readJSON(options.revmap);","  } else if (grunt.filerev && grunt.filerev.summary) {","    locator = grunt.filerev.summary;","  } else {","    locator = function (p) {","      return grunt.file.expand({","        filter: 'isFile'","      }, p);","    };","  }","  return locator;","};","","//","// ### Usemin","","// Replaces references to non-optimized scripts or stylesheets","// into a set of HTML files (or any templates/views).","//","// The users markup should be considered the primary source of information","// for paths, references to assets which should be optimized.We also check","// against files present in the relevant directory () (e.g checking against","// the revved filename into the 'temp/') directory to find the SHA","// that was generated.","//","// Todos:","// * Use a file dictionary during build process and rev task to","// store each optimized assets and their associated sha1.","//","// #### Usemin-handler","//","// A special task which uses the build block HTML comments in markup to","// get back the list of files to handle, and initialize the grunt configuration","// appropriately, and automatically.","//","// Custom HTML \"block\" comments are provided as an API for interacting with the","// build script. These comments adhere to the following pattern:","//","//     <!-- build:<type> <path> -->","//       ... HTML Markup, list of script / link tags.","//     <!-- endbuild -->","//","// - type: is either js or css.","// - path: is the file path of the optimized file, the target output.","//","// An example of this in completed form can be seen below:","//","//    <!-- build:js js/app.js -->","//      <script src=\"js/app.js\"></script>","//      <script src=\"js/controllers/thing-controller.js\"></script>","//      <script src=\"js/models/thing-model.js\"></script>","//      <script src=\"js/views/thing-view.js\"></script>","//    <!-- endbuild -->","//","//","// Internally, the task parses your HTML markup to find each of these blocks, and","// initializes for you the corresponding Grunt config for the concat / uglify tasks","// when `type=js`, the concat / cssmin tasks when `type=css`.","//","","module.exports = function (grunt) {","  var FileProcessor = require('../lib/fileprocessor');","  var RevvedFinder = require('../lib/revvedfinder');","  var ConfigWriter = require('../lib/configwriter');","  var _ = require('lodash');","","  grunt.registerMultiTask('usemin', 'Replaces references to non-minified scripts / stylesheets', function () {","    var debug = require('debug')('usemin:usemin');","    var options = this.options({","      type: this.target","    });","    var blockReplacements = options.blockReplacements || {};","","    debug('Looking at %s target', this.target);","    var patterns = [];","    var type = this.target;","","    // Check if we have a user defined pattern","    if (options.patterns && options.patterns[this.target]) {","      debug('Adding user defined patterns for %s', this.target);","      patterns = options.patterns[this.target];","    }","","    // var locator = options.revmap ? grunt.file.readJSON(options.revmap) : function (p) { return grunt.file.expand({filter: 'isFile'}, p); };","    var locator = getLocator(grunt, options);","    var revvedfinder = new RevvedFinder(locator);","    var handler = new FileProcessor(type, patterns, revvedfinder, function (msg) {","      grunt.verbose.writeln(msg);","    }, blockReplacements);","","    this.files.forEach(function (fileObj) {","      var files = grunt.file.expand({","        nonull: true,","        filter: 'isFile'","      }, fileObj.src);","      files.forEach(function (filename) {","        debug('looking at file %s', filename);","","        grunt.verbose.writeln(chalk.bold('Processing as ' + options.type.toUpperCase() + ' - ') + chalk.cyan(filename));","","        // Our revved version locator","        var content = handler.process(filename, options.assetsDirs);","","        // write the new content to disk","        grunt.file.write(filename, content);","","      });","","      grunt.log.writeln('Replaced ' + chalk.cyan(files.length) + ' ' +","        (files.length === 1 ? 'reference' : 'references') + ' to assets'","      );","    });","  });","","  grunt.registerMultiTask('useminPrepare', 'Using HTML markup as the primary source of information', function () {","    var options = this.options();","    // collect files","    var dest = options.dest || 'dist';","    var staging = options.staging || '.tmp';","    var root = options.root;","","    grunt.verbose","      .writeln('Going through ' + grunt.log.wordlist(this.filesSrc) + ' to update the config')","      .writeln('Looking for build script HTML comment blocks');","","    var flow = getFlowFromConfig(grunt.config('useminPrepare'), this.target);","","    var c = new ConfigWriter(flow, {","      root: root,","      dest: dest,","      staging: staging","    });","","    var cfgNames = [];","    c.stepWriters().forEach(function (i) {","      cfgNames.push(i.name);","    });","    c.postWriters().forEach(function (i) {","      cfgNames.push(i.name);","    });","    var gruntConfig = {};","    _.forEach(cfgNames, function (name) {","      gruntConfig[name] = grunt.config(name) || {};","    });","","    this.filesSrc.forEach(function (filepath) {","      var config;","      try {","        config = c.process(filepath, grunt.config());","      } catch (e) {","        grunt.fail.warn(e);","      }","","      _.forEach(cfgNames, function (name) {","        gruntConfig[name] = grunt.config(name) || {};","        grunt.config(name, _.assign(gruntConfig[name], config[name]));","      });","","    });","","    // log a bit what was added to config","    grunt.verbose.subhead('Configuration is now:');","    _.forEach(cfgNames, function (name) {","      grunt.verbose.subhead('  ' + name + ':')","        .writeln('  ' + util.inspect(grunt.config(name), false, 4, true, true));","    });","","    // only displayed if not in verbose mode","    grunt.verbose.or.writeln('Configuration changed for', grunt.log.wordlist(cfgNames));","  });","};",""],"l":{"2":1,"3":1,"9":1,"10":0,"11":0,"18":0,"19":0,"20":0,"21":0,"23":0,"24":0,"27":0,"37":1,"38":0,"39":0,"40":0,"41":0,"42":0,"44":0,"45":0,"50":0,"100":1,"101":0,"102":0,"103":0,"104":0,"106":0,"107":0,"108":0,"111":0,"113":0,"114":0,"115":0,"118":0,"119":0,"120":0,"124":0,"125":0,"126":0,"127":0,"130":0,"131":0,"135":0,"136":0,"138":0,"141":0,"144":0,"148":0,"154":0,"155":0,"157":0,"158":0,"159":0,"161":0,"165":0,"167":0,"173":0,"174":0,"175":0,"177":0,"178":0,"180":0,"181":0,"182":0,"185":0,"186":0,"187":0,"188":0,"190":0,"193":0,"194":0,"195":0,"201":0,"202":0,"203":0,"208":0}}}